Log file open, 02/25/20 09:32:34
LogWindows: Failed to load 'aqProf.dll' (GetLastError=126)
LogWindows: File 'aqProf.dll' does not exist
LogWindows: Failed to load 'VtuneApi.dll' (GetLastError=126)
LogWindows: File 'VtuneApi.dll' does not exist
LogWindows: Failed to load 'VtuneApi32e.dll' (GetLastError=126)
LogWindows: File 'VtuneApi32e.dll' does not exist
LogConsoleResponse: Display: Failed to find resolution value strings in scalability ini. Falling back to default.
LogInit: Display: Running engine for game: Celeste_Ripoff
LogPlatformFile: Not using cached read wrapper
LogTaskGraph: Started task graph with 5 named threads and 26 total threads with 3 sets of task threads.
LogStats: Stats thread started at 0.474854
LogD3D11RHI: Loaded GFSDK_Aftermath_Lib.x64.dll
LogICUInternationalization: ICU TimeZone Detection - Raw Offset: -7:00, Platform Override: ''
LogPluginManager: Mounting plugin Paper2D
LogPluginManager: Mounting plugin AISupport
LogPluginManager: Mounting plugin LightPropagationVolume
LogPluginManager: Mounting plugin ActorLayerUtilities
LogPluginManager: Mounting plugin AnimationSharing
LogPluginManager: Mounting plugin CLionSourceCodeAccess
LogPluginManager: Mounting plugin CodeLiteSourceCodeAccess
LogPluginManager: Mounting plugin GitSourceControl
LogPluginManager: Mounting plugin KDevelopSourceCodeAccess
LogPluginManager: Mounting plugin NullSourceCodeAccess
LogPluginManager: Mounting plugin PerforceSourceControl
LogPluginManager: Mounting plugin PlasticSourceControl
LogPluginManager: Mounting plugin SubversionSourceControl
LogPluginManager: Mounting plugin UObjectPlugin
LogPluginManager: Mounting plugin VisualStudioCodeSourceCodeAccess
LogPluginManager: Mounting plugin VisualStudioSourceCodeAccess
LogPluginManager: Mounting plugin XCodeSourceCodeAccess
LogPluginManager: Mounting plugin AssetManagerEditor
LogPluginManager: Mounting plugin CryptoKeys
LogPluginManager: Mounting plugin CurveEditorTools
LogPluginManager: Mounting plugin DataValidation
LogPluginManager: Mounting plugin FacialAnimation
LogPluginManager: Mounting plugin GameplayTagsEditor
LogPluginManager: Mounting plugin MacGraphicsSwitching
LogPluginManager: Mounting plugin MaterialAnalyzer
LogPluginManager: Mounting plugin MobileLauncherProfileWizard
LogPluginManager: Mounting plugin PluginBrowser
LogPluginManager: Mounting plugin SpeedTreeImporter
LogPluginManager: Mounting plugin DatasmithContent
LogPluginManager: Mounting plugin VariantManagerContent
LogPluginManager: Mounting plugin AlembicImporter
LogPluginManager: Mounting plugin AutomationUtils
LogPluginManager: Mounting plugin BackChannel
LogPluginManager: Mounting plugin CharacterAI
LogPluginManager: Mounting plugin GeometryCache
LogPluginManager: Mounting plugin PlatformCrypto
LogPluginManager: Mounting plugin ProxyLODPlugin
LogPluginManager: Mounting plugin SkeletalReduction
LogPluginManager: Mounting plugin MagicLeap
LogPluginManager: Mounting plugin MagicLeapMedia
LogPluginManager: Mounting plugin MLSDK
LogPluginManager: Mounting plugin AndroidMedia
LogPluginManager: Mounting plugin AvfMedia
LogPluginManager: Mounting plugin ImgMedia
LogPluginManager: Mounting plugin MediaCompositing
LogPluginManager: Mounting plugin MediaPlayerEditor
LogPluginManager: Mounting plugin WebMMedia
LogPluginManager: Mounting plugin WmfMedia
LogPluginManager: Mounting plugin TcpMessaging
LogPluginManager: Mounting plugin UdpMessaging
LogPluginManager: Mounting plugin ActorSequence
LogPluginManager: Mounting plugin LevelSequenceEditor
LogPluginManager: Mounting plugin MatineeToLevelSequence
LogPluginManager: Mounting plugin NetcodeUnitTest
LogPluginManager: Mounting plugin NUTUnrealEngine4
LogPluginManager: Mounting plugin OnlineSubsystemGooglePlay
LogPluginManager: Mounting plugin OnlineSubsystemIOS
LogPluginManager: Mounting plugin OnlineSubsystem
LogPluginManager: Mounting plugin OnlineSubsystemNull
LogPluginManager: Mounting plugin OnlineSubsystemUtils
LogPluginManager: Mounting plugin LauncherChunkInstaller
LogPluginManager: Mounting plugin AndroidDeviceProfileSelector
LogPluginManager: Mounting plugin AndroidMoviePlayer
LogPluginManager: Mounting plugin AndroidPermission
LogPluginManager: Mounting plugin AppleImageUtils
LogPluginManager: Mounting plugin AppleMoviePlayer
LogPluginManager: Mounting plugin ArchVisCharacter
LogPluginManager: Mounting plugin AssetTags
LogPluginManager: Mounting plugin AudioCapture
LogPluginManager: Mounting plugin CableComponent
LogPluginManager: Mounting plugin CustomMeshComponent
LogPluginManager: Mounting plugin EditableMesh
LogPluginManager: Mounting plugin ExampleDeviceProfileSelector
LogPluginManager: Mounting plugin GoogleCloudMessaging
LogPluginManager: Mounting plugin IOSDeviceProfileSelector
LogPluginManager: Mounting plugin LinuxDeviceProfileSelector
LogPluginManager: Mounting plugin LocationServicesBPLibrary
LogPluginManager: Mounting plugin MobilePatchingUtils
LogPluginManager: Mounting plugin OculusVR
LogPluginManager: Mounting plugin PhysXVehicles
LogPluginManager: Mounting plugin PostSplashScreen
LogPluginManager: Mounting plugin ProceduralMeshComponent
LogPluginManager: Mounting plugin RuntimePhysXCooking
LogPluginManager: Mounting plugin SignificanceManager
LogPluginManager: Mounting plugin SteamVR
LogPluginManager: Mounting plugin WebMMoviePlayer
LogPluginManager: Mounting plugin WindowsMoviePlayer
LogPluginManager: Mounting plugin ScreenshotTools
LogInit: Using libcurl 7.55.1-DEV
LogInit:  - built for x86_64-pc-win32
LogInit:  - supports SSL with OpenSSL/1.1.1
LogInit:  - supports HTTP deflate (compression) using libz 1.2.8
LogInit:  - other features:
LogInit:      CURL_VERSION_SSL
LogInit:      CURL_VERSION_LIBZ
LogInit:      CURL_VERSION_IPV6
LogInit:      CURL_VERSION_ASYNCHDNS
LogInit:      CURL_VERSION_LARGEFILE
LogInit:      CURL_VERSION_IDN
LogInit:  CurlRequestOptions (configurable via config and command line):
LogInit:  - bVerifyPeer = true  - Libcurl will verify peer certificate
LogInit:  - bUseHttpProxy = false  - Libcurl will NOT use HTTP proxy
LogInit:  - bDontReuseConnections = false  - Libcurl will reuse connections
LogInit:  - MaxHostConnections = 16  - Libcurl will limit the number of connections to a host
LogInit:  - LocalHostAddr = Default
LogInit:  - BufferSize = 65536
LogOnline: OSS: Creating online subsystem instance for: NULL
LogInit: WinSock: version 1.1 (2.2), MaxSocks=32767, MaxUdp=65467
LogOnline: OSS: TryLoadSubsystemAndSetDefault: Loaded subsystem for module [NULL]
LogInit: Build: ++UE4+Release-4.24-CL-11100242
LogInit: Engine Version: 4.24.2-11100242+++UE4+Release-4.24
LogInit: Compatible Engine Version: 4.24.0-10570792+++UE4+Release-4.24
LogInit: Net CL: 10570792
LogInit: OS: Windows 10 (Release 1903) (), CPU: Intel(R) Core(TM) i7-9700K CPU @ 3.60GHz, GPU: NVIDIA GeForce RTX 2060
LogInit: Compiled (64-bit): Jan 24 2020 02:05:53
LogInit: Compiled with Visual C++: 19.16.27032.01
LogInit: Build Configuration: Development
LogInit: Branch Name: ++UE4+Release-4.24
LogInit: Command Line: 
LogInit: Base Directory: C:/Program Files/Epic Games/UE_4.24/Engine/Binaries/Win64/
LogInit: Installed Engine Build: 1
LogDevObjectVersion: Number of dev versions registered: 25
LogDevObjectVersion:   Dev-Blueprints (B0D832E4-1F89-4F0D-ACCF-7EB736FD4AA2): 10
LogDevObjectVersion:   Dev-Build (E1C64328-A22C-4D53-A36C-8E866417BD8C): 0
LogDevObjectVersion:   Dev-Core (375EC13C-06E4-48FB-B500-84F0262A717E): 3
LogDevObjectVersion:   Dev-Editor (E4B068ED-F494-42E9-A231-DA0B2E46BB41): 37
LogDevObjectVersion:   Dev-Framework (CFFC743F-43B0-4480-9391-14DF171D2073): 36
LogDevObjectVersion:   Dev-Mobile (B02B49B5-BB20-44E9-A304-32B752E40360): 2
LogDevObjectVersion:   Dev-Networking (A4E4105C-59A1-49B5-A7C5-40C4547EDFEE): 0
LogDevObjectVersion:   Dev-Online (39C831C9-5AE6-47DC-9A44-9C173E1C8E7C): 0
LogDevObjectVersion:   Dev-Physics (78F01B33-EBEA-4F98-B9B4-84EACCB95AA2): 2
LogDevObjectVersion:   Dev-Platform (6631380F-2D4D-43E0-8009-CF276956A95A): 0
LogDevObjectVersion:   Dev-Rendering (12F88B9F-8875-4AFC-A67C-D90C383ABD29): 36
LogDevObjectVersion:   Dev-Sequencer (7B5AE74C-D270-4C10-A958-57980B212A5A): 11
LogDevObjectVersion:   Dev-VR (D7296918-1DD6-4BDD-9DE2-64A83CC13884): 2
LogDevObjectVersion:   Dev-LoadTimes (C2A15278-BFE7-4AFE-6C17-90FF531DF755): 1
LogDevObjectVersion:   Private-Geometry (6EACA3D4-40EC-4CC1-B786-8BED09428FC5): 3
LogDevObjectVersion:   Dev-AnimPhys (29E575DD-E0A3-4627-9D10-D276232CDCEA): 17
LogDevObjectVersion:   Dev-Anim (AF43A65D-7FD3-4947-9873-3E8ED9C1BB05): 2
LogDevObjectVersion:   Dev-ReflectionCapture (6B266CEC-1EC7-4B8F-A30B-E4D90942FC07): 1
LogDevObjectVersion:   Dev-Automation (0DF73D61-A23F-47EA-B727-89E90C41499A): 1
LogDevObjectVersion:   FortniteMain (601D1886-AC64-4F84-AA16-D3DE0DEAC7D6): 31
LogDevObjectVersion:   Dev-Enterprise (9DFFBCD6-494F-0158-E221-12823C92A888): 8
LogDevObjectVersion:   Dev-Niagara (F2AED0AC-9AFE-416F-8664-AA7FFA26D6FC): 1
LogDevObjectVersion:   Dev-Destruction (174F1F0B-B4C6-45A5-B13F-2EE8D0FB917D): 9
LogDevObjectVersion:   Dev-Physics-Ext (35F94A83-E258-406C-A318-09F59610247C): 8
LogDevObjectVersion:   Dev-CineCamera (B2E18506-4273-CFC2-A54E-F4BB758BBA07): 1
LogInit: Presizing for max 25165824 objects, including 0 objects not considered by GC, pre-allocating 0 bytes for permanent pool.
LogInit: Object subsystem initialized
LogConfig: Setting CVar [[con.DebugEarlyDefault:1]]
LogConfig: Setting CVar [[r.setres:1280x720]]
[2020.02.25-16.32.35:267][  0]LogConfig: Setting CVar [[r.VSync:0]]
[2020.02.25-16.32.35:267][  0]LogConfig: Setting CVar [[r.RHICmdBypass:0]]
[2020.02.25-16.32.35:268][  0]LogConfig: Applying CVar settings from Section [/Script/Engine.RendererSettings] File [C:/Users/u1272395/OneDrive/Documents/University of Utah_MEAE/Virtural Worlds/Celeste_Ripoff/Saved/Config/Windows/Engine.ini]
[2020.02.25-16.32.35:268][  0]LogConfig: Setting CVar [[r.GPUCrashDebugging:0]]
[2020.02.25-16.32.35:268][  0]LogConfig: Applying CVar settings from Section [/Script/Engine.RendererOverrideSettings] File [C:/Users/u1272395/OneDrive/Documents/University of Utah_MEAE/Virtural Worlds/Celeste_Ripoff/Saved/Config/Windows/Engine.ini]
[2020.02.25-16.32.35:268][  0]LogConfig: Applying CVar settings from Section [/Script/Engine.StreamingSettings] File [C:/Users/u1272395/OneDrive/Documents/University of Utah_MEAE/Virtural Worlds/Celeste_Ripoff/Saved/Config/Windows/Engine.ini]
[2020.02.25-16.32.35:268][  0]LogConfig: Setting CVar [[s.MinBulkDataSizeForAsyncLoading:131072]]
[2020.02.25-16.32.35:268][  0]LogConfig: Setting CVar [[s.AsyncLoadingThreadEnabled:0]]
[2020.02.25-16.32.35:268][  0]LogConfig: Setting CVar [[s.EventDrivenLoaderEnabled:1]]
[2020.02.25-16.32.35:268][  0]LogConfig: Setting CVar [[s.WarnIfTimeLimitExceeded:0]]
[2020.02.25-16.32.35:268][  0]LogConfig: Setting CVar [[s.TimeLimitExceededMultiplier:1.5]]
[2020.02.25-16.32.35:268][  0]LogConfig: Setting CVar [[s.TimeLimitExceededMinTime:0.005]]
[2020.02.25-16.32.35:268][  0]LogConfig: Setting CVar [[s.UseBackgroundLevelStreaming:1]]
[2020.02.25-16.32.35:268][  0]LogConfig: Setting CVar [[s.PriorityAsyncLoadingExtraTime:15.0]]
[2020.02.25-16.32.35:268][  0]LogConfig: Setting CVar [[s.LevelStreamingActorsUpdateTimeLimit:5.0]]
[2020.02.25-16.32.35:268][  0]LogConfig: Setting CVar [[s.PriorityLevelStreamingActorsUpdateExtraTime:5.0]]
[2020.02.25-16.32.35:268][  0]LogConfig: Setting CVar [[s.LevelStreamingComponentsRegistrationGranularity:10]]
[2020.02.25-16.32.35:268][  0]LogConfig: Setting CVar [[s.UnregisterComponentsTimeLimit:1.0]]
[2020.02.25-16.32.35:268][  0]LogConfig: Setting CVar [[s.LevelStreamingComponentsUnregistrationGranularity:5]]
[2020.02.25-16.32.35:268][  0]LogConfig: Setting CVar [[s.FlushStreamingOnExit:1]]
[2020.02.25-16.32.35:268][  0]LogConfig: Applying CVar settings from Section [/Script/Engine.GarbageCollectionSettings] File [C:/Users/u1272395/OneDrive/Documents/University of Utah_MEAE/Virtural Worlds/Celeste_Ripoff/Saved/Config/Windows/Engine.ini]
[2020.02.25-16.32.35:268][  0]LogConfig: Setting CVar [[gc.MaxObjectsNotConsideredByGC:1]]
[2020.02.25-16.32.35:268][  0]LogConfig: Setting CVar [[gc.SizeOfPermanentObjectPool:0]]
[2020.02.25-16.32.35:268][  0]LogConfig: Setting CVar [[gc.FlushStreamingOnGC:0]]
[2020.02.25-16.32.35:268][  0]LogConfig: Setting CVar [[gc.NumRetriesBeforeForcingGC:10]]
[2020.02.25-16.32.35:268][  0]LogConfig: Setting CVar [[gc.AllowParallelGC:1]]
[2020.02.25-16.32.35:268][  0]LogConfig: Setting CVar [[gc.TimeBetweenPurgingPendingKillObjects:61.1]]
[2020.02.25-16.32.35:268][  0]LogConfig: Setting CVar [[gc.MaxObjectsInEditor:25165824]]
[2020.02.25-16.32.35:268][  0]LogConfig: Setting CVar [[gc.IncrementalBeginDestroyEnabled:1]]
[2020.02.25-16.32.35:268][  0]LogConfig: Setting CVar [[gc.CreateGCClusters:1]]
[2020.02.25-16.32.35:268][  0]LogConfig: Setting CVar [[gc.MinGCClusterSize:5]]
[2020.02.25-16.32.35:268][  0]LogConfig: Setting CVar [[gc.ActorClusteringEnabled:0]]
[2020.02.25-16.32.35:268][  0]LogConfig: Setting CVar [[gc.BlueprintClusteringEnabled:0]]
[2020.02.25-16.32.35:268][  0]LogConfig: Setting CVar [[gc.UseDisregardForGCOnDedicatedServers:0]]
[2020.02.25-16.32.35:268][  0]LogConfig: Applying CVar settings from Section [/Script/Engine.NetworkSettings] File [C:/Users/u1272395/OneDrive/Documents/University of Utah_MEAE/Virtural Worlds/Celeste_Ripoff/Saved/Config/Windows/Engine.ini]
[2020.02.25-16.32.35:268][  0]LogConfig: Applying CVar settings from Section [/Script/UnrealEd.CookerSettings] File [C:/Users/u1272395/OneDrive/Documents/University of Utah_MEAE/Virtural Worlds/Celeste_Ripoff/Saved/Config/Windows/Engine.ini]
[2020.02.25-16.32.35:273][  0]LogConfig: Applying CVar settings from Section [ViewDistanceQuality@3] File [C:/Users/u1272395/OneDrive/Documents/University of Utah_MEAE/Virtural Worlds/Celeste_Ripoff/Saved/Config/Windows/Scalability.ini]
[2020.02.25-16.32.35:273][  0]LogConfig: Setting CVar [[r.SkeletalMeshLODBias:0]]
[2020.02.25-16.32.35:273][  0]LogConfig: Setting CVar [[r.ViewDistanceScale:1.0]]
[2020.02.25-16.32.35:273][  0]LogConfig: Applying CVar settings from Section [AntiAliasingQuality@3] File [C:/Users/u1272395/OneDrive/Documents/University of Utah_MEAE/Virtural Worlds/Celeste_Ripoff/Saved/Config/Windows/Scalability.ini]
[2020.02.25-16.32.35:273][  0]LogConfig: Setting CVar [[r.PostProcessAAQuality:4]]
[2020.02.25-16.32.35:273][  0]LogConfig: Applying CVar settings from Section [ShadowQuality@3] File [C:/Users/u1272395/OneDrive/Documents/University of Utah_MEAE/Virtural Worlds/Celeste_Ripoff/Saved/Config/Windows/Scalability.ini]
[2020.02.25-16.32.35:273][  0]LogConfig: Setting CVar [[r.LightFunctionQuality:1]]
[2020.02.25-16.32.35:273][  0]LogConfig: Setting CVar [[r.ShadowQuality:5]]
[2020.02.25-16.32.35:273][  0]LogConfig: Setting CVar [[r.Shadow.CSM.MaxCascades:10]]
[2020.02.25-16.32.35:273][  0]LogConfig: Setting CVar [[r.Shadow.MaxResolution:2048]]
[2020.02.25-16.32.35:273][  0]LogConfig: Setting CVar [[r.Shadow.MaxCSMResolution:2048]]
[2020.02.25-16.32.35:273][  0]LogConfig: Setting CVar [[r.Shadow.RadiusThreshold:0.01]]
[2020.02.25-16.32.35:273][  0]LogConfig: Setting CVar [[r.Shadow.DistanceScale:1.0]]
[2020.02.25-16.32.35:273][  0]LogConfig: Setting CVar [[r.Shadow.CSM.TransitionScale:1.0]]
[2020.02.25-16.32.35:273][  0]LogConfig: Setting CVar [[r.Shadow.PreShadowResolutionFactor:1.0]]
[2020.02.25-16.32.35:273][  0]LogConfig: Setting CVar [[r.DistanceFieldShadowing:1]]
[2020.02.25-16.32.35:273][  0]LogConfig: Setting CVar [[r.DistanceFieldAO:1]]
[2020.02.25-16.32.35:273][  0]LogConfig: Setting CVar [[r.AOQuality:2]]
[2020.02.25-16.32.35:273][  0]LogConfig: Setting CVar [[r.VolumetricFog:1]]
[2020.02.25-16.32.35:273][  0]LogConfig: Setting CVar [[r.VolumetricFog.GridPixelSize:8]]
[2020.02.25-16.32.35:273][  0]LogConfig: Setting CVar [[r.VolumetricFog.GridSizeZ:128]]
[2020.02.25-16.32.35:273][  0]LogConfig: Setting CVar [[r.VolumetricFog.HistoryMissSupersampleCount:4]]
[2020.02.25-16.32.35:273][  0]LogConfig: Setting CVar [[r.LightMaxDrawDistanceScale:1]]
[2020.02.25-16.32.35:273][  0]LogConfig: Setting CVar [[r.CapsuleShadows:1]]
[2020.02.25-16.32.35:273][  0]LogConfig: Applying CVar settings from Section [PostProcessQuality@3] File [C:/Users/u1272395/OneDrive/Documents/University of Utah_MEAE/Virtural Worlds/Celeste_Ripoff/Saved/Config/Windows/Scalability.ini]
[2020.02.25-16.32.35:273][  0]LogConfig: Setting CVar [[r.MotionBlurQuality:4]]
[2020.02.25-16.32.35:273][  0]LogConfig: Setting CVar [[r.AmbientOcclusionMipLevelFactor:0.4]]
[2020.02.25-16.32.35:273][  0]LogConfig: Setting CVar [[r.AmbientOcclusionMaxQuality:100]]
[2020.02.25-16.32.35:273][  0]LogConfig: Setting CVar [[r.AmbientOcclusionLevels:-1]]
[2020.02.25-16.32.35:273][  0]LogConfig: Setting CVar [[r.AmbientOcclusionRadiusScale:1.0]]
[2020.02.25-16.32.35:273][  0]LogConfig: Setting CVar [[r.DepthOfFieldQuality:2]]
[2020.02.25-16.32.35:273][  0]LogConfig: Setting CVar [[r.RenderTargetPoolMin:400]]
[2020.02.25-16.32.35:273][  0]LogConfig: Setting CVar [[r.LensFlareQuality:2]]
[2020.02.25-16.32.35:273][  0]LogConfig: Setting CVar [[r.SceneColorFringeQuality:1]]
[2020.02.25-16.32.35:273][  0]LogConfig: Setting CVar [[r.EyeAdaptationQuality:2]]
[2020.02.25-16.32.35:273][  0]LogConfig: Setting CVar [[r.BloomQuality:5]]
[2020.02.25-16.32.35:273][  0]LogConfig: Setting CVar [[r.FastBlurThreshold:100]]
[2020.02.25-16.32.35:273][  0]LogConfig: Setting CVar [[r.Upscale.Quality:3]]
[2020.02.25-16.32.35:273][  0]LogConfig: Setting CVar [[r.Tonemapper.GrainQuantization:1]]
[2020.02.25-16.32.35:273][  0]LogConfig: Setting CVar [[r.LightShaftQuality:1]]
[2020.02.25-16.32.35:273][  0]LogConfig: Setting CVar [[r.Filter.SizeScale:1]]
[2020.02.25-16.32.35:273][  0]LogConfig: Setting CVar [[r.Tonemapper.Quality:5]]
[2020.02.25-16.32.35:273][  0]LogConfig: Setting CVar [[r.DOF.Gather.AccumulatorQuality:1        ; higher gathering accumulator quality]]
[2020.02.25-16.32.35:273][  0]LogConfig: Setting CVar [[r.DOF.Gather.PostfilterMethod:1          ; Median3x3 postfilering method]]
[2020.02.25-16.32.35:273][  0]LogConfig: Setting CVar [[r.DOF.Gather.EnableBokehSettings:0       ; no bokeh simulation when gathering]]
[2020.02.25-16.32.35:273][  0]LogConfig: Setting CVar [[r.DOF.Gather.RingCount:4                 ; medium number of samples when gathering]]
[2020.02.25-16.32.35:273][  0]LogConfig: Setting CVar [[r.DOF.Scatter.ForegroundCompositing:1    ; additive foreground scattering]]
[2020.02.25-16.32.35:273][  0]LogConfig: Setting CVar [[r.DOF.Scatter.BackgroundCompositing:2    ; additive background scattering]]
[2020.02.25-16.32.35:273][  0]LogConfig: Setting CVar [[r.DOF.Scatter.EnableBokehSettings:1      ; bokeh simulation when scattering]]
[2020.02.25-16.32.35:273][  0]LogConfig: Setting CVar [[r.DOF.Scatter.MaxSpriteRatio:0.1         ; only a maximum of 10% of scattered bokeh]]
[2020.02.25-16.32.35:273][  0]LogConfig: Setting CVar [[r.DOF.Recombine.Quality:1                ; cheap slight out of focus]]
[2020.02.25-16.32.35:273][  0]LogConfig: Setting CVar [[r.DOF.Recombine.EnableBokehSettings:0    ; no bokeh simulation on slight out of focus]]
[2020.02.25-16.32.35:273][  0]LogConfig: Setting CVar [[r.DOF.TemporalAAQuality:1                ; more stable temporal accumulation]]
[2020.02.25-16.32.35:273][  0]LogConfig: Setting CVar [[r.DOF.Kernel.MaxForegroundRadius:0.025]]
[2020.02.25-16.32.35:273][  0]LogConfig: Setting CVar [[r.DOF.Kernel.MaxBackgroundRadius:0.025]]
[2020.02.25-16.32.35:273][  0]LogConfig: Applying CVar settings from Section [TextureQuality@3] File [C:/Users/u1272395/OneDrive/Documents/University of Utah_MEAE/Virtural Worlds/Celeste_Ripoff/Saved/Config/Windows/Scalability.ini]
[2020.02.25-16.32.35:273][  0]LogConfig: Setting CVar [[r.Streaming.MipBias:0]]
[2020.02.25-16.32.35:273][  0]LogConfig: Setting CVar [[r.Streaming.AmortizeCPUToGPUCopy:0]]
[2020.02.25-16.32.35:273][  0]LogConfig: Setting CVar [[r.Streaming.MaxNumTexturesToStreamPerFrame:0]]
[2020.02.25-16.32.35:273][  0]LogConfig: Setting CVar [[r.Streaming.Boost:1]]
[2020.02.25-16.32.35:273][  0]LogConfig: Setting CVar [[r.MaxAnisotropy:8]]
[2020.02.25-16.32.35:273][  0]LogConfig: Setting CVar [[r.VT.MaxAnisotropy:8]]
[2020.02.25-16.32.35:273][  0]LogConfig: Setting CVar [[r.Streaming.LimitPoolSizeToVRAM:0]]
[2020.02.25-16.32.35:273][  0]LogConfig: Setting CVar [[r.Streaming.PoolSize:1000]]
[2020.02.25-16.32.35:273][  0]LogConfig: Setting CVar [[r.Streaming.MaxEffectiveScreenSize:0]]
[2020.02.25-16.32.35:273][  0]LogConfig: Applying CVar settings from Section [EffectsQuality@3] File [C:/Users/u1272395/OneDrive/Documents/University of Utah_MEAE/Virtural Worlds/Celeste_Ripoff/Saved/Config/Windows/Scalability.ini]
[2020.02.25-16.32.35:273][  0]LogConfig: Setting CVar [[r.TranslucencyLightingVolumeDim:64]]
[2020.02.25-16.32.35:273][  0]LogConfig: Setting CVar [[r.RefractionQuality:2]]
[2020.02.25-16.32.35:273][  0]LogConfig: Setting CVar [[r.SSR.Quality:3]]
[2020.02.25-16.32.35:273][  0]LogConfig: Setting CVar [[r.SSR.HalfResSceneColor:0]]
[2020.02.25-16.32.35:273][  0]LogConfig: Setting CVar [[r.SceneColorFormat:4]]
[2020.02.25-16.32.35:273][  0]LogConfig: Setting CVar [[r.DetailMode:2]]
[2020.02.25-16.32.35:273][  0]LogConfig: Setting CVar [[r.TranslucencyVolumeBlur:1]]
[2020.02.25-16.32.35:273][  0]LogConfig: Setting CVar [[r.MaterialQualityLevel:1 ; High quality]]
[2020.02.25-16.32.35:273][  0]LogConfig: Setting CVar [[r.SSS.Scale:1]]
[2020.02.25-16.32.35:273][  0]LogConfig: Setting CVar [[r.SSS.SampleSet:2]]
[2020.02.25-16.32.35:273][  0]LogConfig: Setting CVar [[r.SSS.Quality:1]]
[2020.02.25-16.32.35:273][  0]LogConfig: Setting CVar [[r.SSS.HalfRes:1]]
[2020.02.25-16.32.35:273][  0]LogConfig: Setting CVar [[r.SSGI.Quality:3]]
[2020.02.25-16.32.35:273][  0]LogConfig: Setting CVar [[r.EmitterSpawnRateScale:1.0]]
[2020.02.25-16.32.35:273][  0]LogConfig: Setting CVar [[r.ParticleLightQuality:2]]
[2020.02.25-16.32.35:273][  0]LogConfig: Setting CVar [[r.SkyAtmosphere.AerialPerspectiveLUT.FastApplyOnOpaque:1 ; Always have FastSkyLUT 1 in this case to avoid wrong sky]]
[2020.02.25-16.32.35:274][  0]LogConfig: Setting CVar [[r.SkyAtmosphere.AerialPerspectiveLUT.SampleCountPerSlice:1]]
[2020.02.25-16.32.35:274][  0]LogConfig: Setting CVar [[r.SkyAtmosphere.AerialPerspectiveLUT.DepthResolution:16.0]]
[2020.02.25-16.32.35:274][  0]LogConfig: Setting CVar [[r.SkyAtmosphere.FastSkyLUT:1]]
[2020.02.25-16.32.35:274][  0]LogConfig: Setting CVar [[r.SkyAtmosphere.FastSkyLUT.SampleCountMin:4.0]]
[2020.02.25-16.32.35:274][  0]LogConfig: Setting CVar [[r.SkyAtmosphere.FastSkyLUT.SampleCountMax:32.0]]
[2020.02.25-16.32.35:274][  0]LogConfig: Setting CVar [[r.SkyAtmosphere.SampleCountMin:4.0]]
[2020.02.25-16.32.35:274][  0]LogConfig: Setting CVar [[r.SkyAtmosphere.SampleCountMax:32.0]]
[2020.02.25-16.32.35:274][  0]LogConfig: Setting CVar [[r.SkyAtmosphere.TransmittanceLUT.UseSmallFormat:0]]
[2020.02.25-16.32.35:274][  0]LogConfig: Setting CVar [[r.SkyAtmosphere.TransmittanceLUT.SampleCount:10.0]]
[2020.02.25-16.32.35:274][  0]LogConfig: Setting CVar [[r.SkyAtmosphere.MultiScatteringLUT.SampleCount:15.0]]
[2020.02.25-16.32.35:274][  0]LogConfig: Applying CVar settings from Section [FoliageQuality@3] File [C:/Users/u1272395/OneDrive/Documents/University of Utah_MEAE/Virtural Worlds/Celeste_Ripoff/Saved/Config/Windows/Scalability.ini]
[2020.02.25-16.32.35:274][  0]LogConfig: Setting CVar [[foliage.DensityScale:1.0]]
[2020.02.25-16.32.35:274][  0]LogConfig: Setting CVar [[grass.DensityScale:1.0]]
[2020.02.25-16.32.35:274][  0]LogConfig: Applying CVar settings from Section [ShadingQuality@3] File [C:/Users/u1272395/OneDrive/Documents/University of Utah_MEAE/Virtural Worlds/Celeste_Ripoff/Saved/Config/Windows/Scalability.ini]
[2020.02.25-16.32.35:274][  0]LogConfig: Setting CVar [[r.HairStrands.SkyLighting.SampleCount:16]]
[2020.02.25-16.32.35:274][  0]LogConfig: Setting CVar [[r.HairStrands.SkyLighting.JitterIntegration:0]]
[2020.02.25-16.32.35:274][  0]LogConfig: Setting CVar [[r.HairStrands.SkyAO.SampleCount:16]]
[2020.02.25-16.32.35:274][  0]LogInit: Selected Device Profile: [Windows]
[2020.02.25-16.32.35:274][  0]LogInit: Applying CVar settings loaded from the selected device profile: [Windows]
[2020.02.25-16.32.35:281][  0]LogHAL: Display: Platform has ~ 32 GB [34212401152 / 34359738368 / 32], which maps to Largest [LargestMinGB=32, LargerMinGB=12, DefaultMinGB=8, SmallerMinGB=6, SmallestMinGB=0)
[2020.02.25-16.32.35:281][  0]LogInit: Going up to parent DeviceProfile []
[2020.02.25-16.32.35:281][  0]LogConfig: Applying CVar settings from Section [ViewDistanceQuality@3] File [C:/Users/u1272395/OneDrive/Documents/University of Utah_MEAE/Virtural Worlds/Celeste_Ripoff/Saved/Config/Windows/Scalability.ini]
[2020.02.25-16.32.35:281][  0]LogConfig: Setting CVar [[r.SkeletalMeshLODBias:0]]
[2020.02.25-16.32.35:281][  0]LogConfig: Setting CVar [[r.ViewDistanceScale:1.0]]
[2020.02.25-16.32.35:281][  0]LogConfig: Applying CVar settings from Section [AntiAliasingQuality@3] File [C:/Users/u1272395/OneDrive/Documents/University of Utah_MEAE/Virtural Worlds/Celeste_Ripoff/Saved/Config/Windows/Scalability.ini]
[2020.02.25-16.32.35:281][  0]LogConfig: Setting CVar [[r.PostProcessAAQuality:4]]
[2020.02.25-16.32.35:281][  0]LogConfig: Applying CVar settings from Section [ShadowQuality@3] File [C:/Users/u1272395/OneDrive/Documents/University of Utah_MEAE/Virtural Worlds/Celeste_Ripoff/Saved/Config/Windows/Scalability.ini]
[2020.02.25-16.32.35:281][  0]LogConfig: Setting CVar [[r.LightFunctionQuality:1]]
[2020.02.25-16.32.35:281][  0]LogConfig: Setting CVar [[r.ShadowQuality:5]]
[2020.02.25-16.32.35:281][  0]LogConfig: Setting CVar [[r.Shadow.CSM.MaxCascades:10]]
[2020.02.25-16.32.35:281][  0]LogConfig: Setting CVar [[r.Shadow.MaxResolution:2048]]
[2020.02.25-16.32.35:281][  0]LogConfig: Setting CVar [[r.Shadow.MaxCSMResolution:2048]]
[2020.02.25-16.32.35:281][  0]LogConfig: Setting CVar [[r.Shadow.RadiusThreshold:0.01]]
[2020.02.25-16.32.35:281][  0]LogConfig: Setting CVar [[r.Shadow.DistanceScale:1.0]]
[2020.02.25-16.32.35:281][  0]LogConfig: Setting CVar [[r.Shadow.CSM.TransitionScale:1.0]]
[2020.02.25-16.32.35:281][  0]LogConfig: Setting CVar [[r.Shadow.PreShadowResolutionFactor:1.0]]
[2020.02.25-16.32.35:281][  0]LogConfig: Setting CVar [[r.DistanceFieldShadowing:1]]
[2020.02.25-16.32.35:281][  0]LogConfig: Setting CVar [[r.DistanceFieldAO:1]]
[2020.02.25-16.32.35:281][  0]LogConfig: Setting CVar [[r.AOQuality:2]]
[2020.02.25-16.32.35:281][  0]LogConfig: Setting CVar [[r.VolumetricFog:1]]
[2020.02.25-16.32.35:281][  0]LogConfig: Setting CVar [[r.VolumetricFog.GridPixelSize:8]]
[2020.02.25-16.32.35:281][  0]LogConfig: Setting CVar [[r.VolumetricFog.GridSizeZ:128]]
[2020.02.25-16.32.35:281][  0]LogConfig: Setting CVar [[r.VolumetricFog.HistoryMissSupersampleCount:4]]
[2020.02.25-16.32.35:281][  0]LogConfig: Setting CVar [[r.LightMaxDrawDistanceScale:1]]
[2020.02.25-16.32.35:281][  0]LogConfig: Setting CVar [[r.CapsuleShadows:1]]
[2020.02.25-16.32.35:281][  0]LogConfig: Applying CVar settings from Section [PostProcessQuality@3] File [C:/Users/u1272395/OneDrive/Documents/University of Utah_MEAE/Virtural Worlds/Celeste_Ripoff/Saved/Config/Windows/Scalability.ini]
[2020.02.25-16.32.35:281][  0]LogConfig: Setting CVar [[r.MotionBlurQuality:4]]
[2020.02.25-16.32.35:281][  0]LogConfig: Setting CVar [[r.AmbientOcclusionMipLevelFactor:0.4]]
[2020.02.25-16.32.35:281][  0]LogConfig: Setting CVar [[r.AmbientOcclusionMaxQuality:100]]
[2020.02.25-16.32.35:281][  0]LogConfig: Setting CVar [[r.AmbientOcclusionLevels:-1]]
[2020.02.25-16.32.35:281][  0]LogConfig: Setting CVar [[r.AmbientOcclusionRadiusScale:1.0]]
[2020.02.25-16.32.35:281][  0]LogConfig: Setting CVar [[r.DepthOfFieldQuality:2]]
[2020.02.25-16.32.35:281][  0]LogConfig: Setting CVar [[r.RenderTargetPoolMin:400]]
[2020.02.25-16.32.35:281][  0]LogConfig: Setting CVar [[r.LensFlareQuality:2]]
[2020.02.25-16.32.35:281][  0]LogConfig: Setting CVar [[r.SceneColorFringeQuality:1]]
[2020.02.25-16.32.35:281][  0]LogConfig: Setting CVar [[r.EyeAdaptationQuality:2]]
[2020.02.25-16.32.35:281][  0]LogConfig: Setting CVar [[r.BloomQuality:5]]
[2020.02.25-16.32.35:281][  0]LogConfig: Setting CVar [[r.FastBlurThreshold:100]]
[2020.02.25-16.32.35:281][  0]LogConfig: Setting CVar [[r.Upscale.Quality:3]]
[2020.02.25-16.32.35:281][  0]LogConfig: Setting CVar [[r.Tonemapper.GrainQuantization:1]]
[2020.02.25-16.32.35:281][  0]LogConfig: Setting CVar [[r.LightShaftQuality:1]]
[2020.02.25-16.32.35:281][  0]LogConfig: Setting CVar [[r.Filter.SizeScale:1]]
[2020.02.25-16.32.35:281][  0]LogConfig: Setting CVar [[r.Tonemapper.Quality:5]]
[2020.02.25-16.32.35:281][  0]LogConfig: Setting CVar [[r.DOF.Gather.AccumulatorQuality:1        ; higher gathering accumulator quality]]
[2020.02.25-16.32.35:281][  0]LogConfig: Setting CVar [[r.DOF.Gather.PostfilterMethod:1          ; Median3x3 postfilering method]]
[2020.02.25-16.32.35:281][  0]LogConfig: Setting CVar [[r.DOF.Gather.EnableBokehSettings:0       ; no bokeh simulation when gathering]]
[2020.02.25-16.32.35:281][  0]LogConfig: Setting CVar [[r.DOF.Gather.RingCount:4                 ; medium number of samples when gathering]]
[2020.02.25-16.32.35:281][  0]LogConfig: Setting CVar [[r.DOF.Scatter.ForegroundCompositing:1    ; additive foreground scattering]]
[2020.02.25-16.32.35:281][  0]LogConfig: Setting CVar [[r.DOF.Scatter.BackgroundCompositing:2    ; additive background scattering]]
[2020.02.25-16.32.35:281][  0]LogConfig: Setting CVar [[r.DOF.Scatter.EnableBokehSettings:1      ; bokeh simulation when scattering]]
[2020.02.25-16.32.35:281][  0]LogConfig: Setting CVar [[r.DOF.Scatter.MaxSpriteRatio:0.1         ; only a maximum of 10% of scattered bokeh]]
[2020.02.25-16.32.35:281][  0]LogConfig: Setting CVar [[r.DOF.Recombine.Quality:1                ; cheap slight out of focus]]
[2020.02.25-16.32.35:281][  0]LogConfig: Setting CVar [[r.DOF.Recombine.EnableBokehSettings:0    ; no bokeh simulation on slight out of focus]]
[2020.02.25-16.32.35:281][  0]LogConfig: Setting CVar [[r.DOF.TemporalAAQuality:1                ; more stable temporal accumulation]]
[2020.02.25-16.32.35:281][  0]LogConfig: Setting CVar [[r.DOF.Kernel.MaxForegroundRadius:0.025]]
[2020.02.25-16.32.35:281][  0]LogConfig: Setting CVar [[r.DOF.Kernel.MaxBackgroundRadius:0.025]]
[2020.02.25-16.32.35:281][  0]LogConfig: Applying CVar settings from Section [TextureQuality@3] File [C:/Users/u1272395/OneDrive/Documents/University of Utah_MEAE/Virtural Worlds/Celeste_Ripoff/Saved/Config/Windows/Scalability.ini]
[2020.02.25-16.32.35:281][  0]LogConfig: Setting CVar [[r.Streaming.MipBias:0]]
[2020.02.25-16.32.35:281][  0]LogConfig: Setting CVar [[r.Streaming.AmortizeCPUToGPUCopy:0]]
[2020.02.25-16.32.35:281][  0]LogConfig: Setting CVar [[r.Streaming.MaxNumTexturesToStreamPerFrame:0]]
[2020.02.25-16.32.35:281][  0]LogConfig: Setting CVar [[r.Streaming.Boost:1]]
[2020.02.25-16.32.35:281][  0]LogConfig: Setting CVar [[r.MaxAnisotropy:8]]
[2020.02.25-16.32.35:281][  0]LogConfig: Setting CVar [[r.VT.MaxAnisotropy:8]]
[2020.02.25-16.32.35:281][  0]LogConfig: Setting CVar [[r.Streaming.LimitPoolSizeToVRAM:0]]
[2020.02.25-16.32.35:281][  0]LogConfig: Setting CVar [[r.Streaming.PoolSize:1000]]
[2020.02.25-16.32.35:281][  0]LogConfig: Setting CVar [[r.Streaming.MaxEffectiveScreenSize:0]]
[2020.02.25-16.32.35:281][  0]LogConfig: Applying CVar settings from Section [EffectsQuality@3] File [C:/Users/u1272395/OneDrive/Documents/University of Utah_MEAE/Virtural Worlds/Celeste_Ripoff/Saved/Config/Windows/Scalability.ini]
[2020.02.25-16.32.35:281][  0]LogConfig: Setting CVar [[r.TranslucencyLightingVolumeDim:64]]
[2020.02.25-16.32.35:281][  0]LogConfig: Setting CVar [[r.RefractionQuality:2]]
[2020.02.25-16.32.35:281][  0]LogConfig: Setting CVar [[r.SSR.Quality:3]]
[2020.02.25-16.32.35:281][  0]LogConfig: Setting CVar [[r.SSR.HalfResSceneColor:0]]
[2020.02.25-16.32.35:281][  0]LogConfig: Setting CVar [[r.SceneColorFormat:4]]
[2020.02.25-16.32.35:281][  0]LogConfig: Setting CVar [[r.DetailMode:2]]
[2020.02.25-16.32.35:281][  0]LogConfig: Setting CVar [[r.TranslucencyVolumeBlur:1]]
[2020.02.25-16.32.35:281][  0]LogConfig: Setting CVar [[r.MaterialQualityLevel:1 ; High quality]]
[2020.02.25-16.32.35:281][  0]LogConfig: Setting CVar [[r.SSS.Scale:1]]
[2020.02.25-16.32.35:281][  0]LogConfig: Setting CVar [[r.SSS.SampleSet:2]]
[2020.02.25-16.32.35:281][  0]LogConfig: Setting CVar [[r.SSS.Quality:1]]
[2020.02.25-16.32.35:281][  0]LogConfig: Setting CVar [[r.SSS.HalfRes:1]]
[2020.02.25-16.32.35:281][  0]LogConfig: Setting CVar [[r.SSGI.Quality:3]]
[2020.02.25-16.32.35:282][  0]LogConfig: Setting CVar [[r.EmitterSpawnRateScale:1.0]]
[2020.02.25-16.32.35:282][  0]LogConfig: Setting CVar [[r.ParticleLightQuality:2]]
[2020.02.25-16.32.35:282][  0]LogConfig: Setting CVar [[r.SkyAtmosphere.AerialPerspectiveLUT.FastApplyOnOpaque:1 ; Always have FastSkyLUT 1 in this case to avoid wrong sky]]
[2020.02.25-16.32.35:282][  0]LogConfig: Setting CVar [[r.SkyAtmosphere.AerialPerspectiveLUT.SampleCountPerSlice:1]]
[2020.02.25-16.32.35:282][  0]LogConfig: Setting CVar [[r.SkyAtmosphere.AerialPerspectiveLUT.DepthResolution:16.0]]
[2020.02.25-16.32.35:282][  0]LogConfig: Setting CVar [[r.SkyAtmosphere.FastSkyLUT:1]]
[2020.02.25-16.32.35:282][  0]LogConfig: Setting CVar [[r.SkyAtmosphere.FastSkyLUT.SampleCountMin:4.0]]
[2020.02.25-16.32.35:282][  0]LogConfig: Setting CVar [[r.SkyAtmosphere.FastSkyLUT.SampleCountMax:32.0]]
[2020.02.25-16.32.35:282][  0]LogConfig: Setting CVar [[r.SkyAtmosphere.SampleCountMin:4.0]]
[2020.02.25-16.32.35:282][  0]LogConfig: Setting CVar [[r.SkyAtmosphere.SampleCountMax:32.0]]
[2020.02.25-16.32.35:282][  0]LogConfig: Setting CVar [[r.SkyAtmosphere.TransmittanceLUT.UseSmallFormat:0]]
[2020.02.25-16.32.35:282][  0]LogConfig: Setting CVar [[r.SkyAtmosphere.TransmittanceLUT.SampleCount:10.0]]
[2020.02.25-16.32.35:282][  0]LogConfig: Setting CVar [[r.SkyAtmosphere.MultiScatteringLUT.SampleCount:15.0]]
[2020.02.25-16.32.35:282][  0]LogConfig: Applying CVar settings from Section [FoliageQuality@3] File [C:/Users/u1272395/OneDrive/Documents/University of Utah_MEAE/Virtural Worlds/Celeste_Ripoff/Saved/Config/Windows/Scalability.ini]
[2020.02.25-16.32.35:282][  0]LogConfig: Setting CVar [[foliage.DensityScale:1.0]]
[2020.02.25-16.32.35:282][  0]LogConfig: Setting CVar [[grass.DensityScale:1.0]]
[2020.02.25-16.32.35:282][  0]LogConfig: Applying CVar settings from Section [ShadingQuality@3] File [C:/Users/u1272395/OneDrive/Documents/University of Utah_MEAE/Virtural Worlds/Celeste_Ripoff/Saved/Config/Windows/Scalability.ini]
[2020.02.25-16.32.35:282][  0]LogConfig: Setting CVar [[r.HairStrands.SkyLighting.SampleCount:16]]
[2020.02.25-16.32.35:282][  0]LogConfig: Setting CVar [[r.HairStrands.SkyLighting.JitterIntegration:0]]
[2020.02.25-16.32.35:282][  0]LogConfig: Setting CVar [[r.HairStrands.SkyAO.SampleCount:16]]
[2020.02.25-16.32.35:282][  0]LogConfig: Applying CVar settings from Section [Startup] File [../../../Engine/Config/ConsoleVariables.ini]
[2020.02.25-16.32.35:286][  0]LogConfig: Setting CVar [[net.UseAdaptiveNetUpdateFrequency:0]]
[2020.02.25-16.32.35:286][  0]LogConfig: Setting CVar [[p.chaos.AllowCreatePhysxBodies:1]]
[2020.02.25-16.32.35:286][  0]LogConfig: Applying CVar settings from Section [ConsoleVariables] File [C:/Users/u1272395/OneDrive/Documents/University of Utah_MEAE/Virtural Worlds/Celeste_Ripoff/Saved/Config/Windows/Engine.ini]
[2020.02.25-16.32.35:286][  0]LogInit: Computer: eae-z390-66
[2020.02.25-16.32.35:286][  0]LogInit: User: u1272395
[2020.02.25-16.32.35:286][  0]LogInit: CPU Page size=4096, Cores=8
[2020.02.25-16.32.35:287][  0]LogInit: High frequency timer resolution =10.000000 MHz
[2020.02.25-16.32.35:287][  0]LogMemory: Memory total: Physical=31.9GB (32GB approx)
[2020.02.25-16.32.35:287][  0]LogMemory: Platform Memory Stats for Windows
[2020.02.25-16.32.35:287][  0]LogMemory: Process Physical Memory: 105.49 MB used, 105.50 MB peak
[2020.02.25-16.32.35:287][  0]LogMemory: Process Virtual Memory: 100.66 MB used, 100.66 MB peak
[2020.02.25-16.32.35:287][  0]LogMemory: Physical Memory: 4157.09 MB used,  28470.40 MB free, 32627.49 MB total
[2020.02.25-16.32.35:287][  0]LogMemory: Virtual Memory: 5141.50 MB used,  134212584.00 MB free, 134217728.00 MB total
[2020.02.25-16.32.35:291][  0]LogWindows: WindowsPlatformFeatures enabled
[2020.02.25-16.32.35:467][  0]LogInit: Using OS detected language (en-US).
[2020.02.25-16.32.35:467][  0]LogInit: Using OS detected locale (en-US).
[2020.02.25-16.32.35:469][  0]LogTextLocalizationManager: No specific localization for 'en-US' exists, so the 'en' localization will be used.
[2020.02.25-16.32.35:707][  0]LogInit: Setting process to per monitor DPI aware
[2020.02.25-16.32.35:773][  0]LogSlate: New Slate User Created.  User Index 0, Is Virtual User: 0
[2020.02.25-16.32.35:773][  0]LogSlate: Slate User Registered.  User Index 0, Is Virtual User: 0
[2020.02.25-16.32.37:685][  0]LogHMD: Failed to initialize OpenVR with code 110
[2020.02.25-16.32.37:685][  0]LogD3D11RHI: D3D11 min allowed feature level: 11_0
[2020.02.25-16.32.37:685][  0]LogD3D11RHI: D3D11 max allowed feature level: 11_0
[2020.02.25-16.32.37:685][  0]LogD3D11RHI: D3D11 adapters:
[2020.02.25-16.32.37:734][  0]LogD3D11RHI:    0. 'NVIDIA GeForce RTX 2060' (Feature Level 11_0)
[2020.02.25-16.32.37:734][  0]LogD3D11RHI:       5980/0/16313 MB DedicatedVideo/DedicatedSystem/SharedSystem, Outputs:2, VendorId:0x10de
[2020.02.25-16.32.37:775][  0]LogD3D11RHI:    1. 'Intel(R) UHD Graphics 630' (Feature Level 11_0)
[2020.02.25-16.32.37:775][  0]LogD3D11RHI:       128/0/16313 MB DedicatedVideo/DedicatedSystem/SharedSystem, Outputs:0, VendorId:0x8086
[2020.02.25-16.32.37:777][  0]LogD3D11RHI:    2. 'Microsoft Basic Render Driver' (Feature Level 11_0)
[2020.02.25-16.32.37:777][  0]LogD3D11RHI:       0/0/16313 MB DedicatedVideo/DedicatedSystem/SharedSystem, Outputs:0, VendorId:0x1414
[2020.02.25-16.32.37:777][  0]LogD3D11RHI: Chosen D3D11 Adapter: 0
[2020.02.25-16.32.37:782][  0]LogD3D11RHI: Creating new Direct3DDevice
[2020.02.25-16.32.37:782][  0]LogD3D11RHI:     GPU DeviceId: 0x1f08 (for the marketing name, search the web for "GPU Device Id")
[2020.02.25-16.32.37:782][  0]LogWindows: EnumDisplayDevices:
[2020.02.25-16.32.37:782][  0]LogWindows:    0. 'NVIDIA GeForce RTX 2060' (P:1 D:1)
[2020.02.25-16.32.37:783][  0]LogWindows:    1. 'NVIDIA GeForce RTX 2060' (P:0 D:1)
[2020.02.25-16.32.37:783][  0]LogWindows:    2. 'NVIDIA GeForce RTX 2060' (P:0 D:0)
[2020.02.25-16.32.37:783][  0]LogWindows:    3. 'NVIDIA GeForce RTX 2060' (P:0 D:0)
[2020.02.25-16.32.37:783][  0]LogWindows:    4. 'Intel(R) UHD Graphics 630' (P:0 D:0)
[2020.02.25-16.32.37:783][  0]LogWindows:    5. 'Intel(R) UHD Graphics 630' (P:0 D:0)
[2020.02.25-16.32.37:783][  0]LogWindows:    6. 'Intel(R) UHD Graphics 630' (P:0 D:0)
[2020.02.25-16.32.37:783][  0]LogWindows: DebugString: PrimaryIsNotTheChoosenAdapter PrimaryIsNotTheChoosenAdapter PrimaryIsNotTheChoosenAdapter FoundDriverCount:4 
[2020.02.25-16.32.37:784][  0]LogD3D11RHI:     Adapter Name: NVIDIA GeForce RTX 2060
[2020.02.25-16.32.37:784][  0]LogD3D11RHI:   Driver Version: 431.60 (internal:26.21.14.3160, unified:431.60)
[2020.02.25-16.32.37:784][  0]LogD3D11RHI:      Driver Date: 7-17-2019
[2020.02.25-16.32.37:784][  0]LogRHI: Texture pool is 4186 MB (70% of 5980 MB)
[2020.02.25-16.32.37:813][  0]LogD3D11RHI: RHI has support for 64 bit atomics
[2020.02.25-16.32.37:814][  0]LogD3D11RHI: Async texture creation enabled
[2020.02.25-16.32.37:920][  0]LogD3D11RHI: GPU Timing Frequency: 1000.000000 (Debug: 2 2)
[2020.02.25-16.32.38:143][  0]LogTargetPlatformManager: Display: Loaded TargetPlatform 'AllDesktop'
[2020.02.25-16.32.38:173][  0]LogTargetPlatformManager: Display: Loaded TargetPlatform 'Android'
[2020.02.25-16.32.38:173][  0]LogTargetPlatformManager: Display: Loaded TargetPlatform 'Android_ASTC'
[2020.02.25-16.32.38:173][  0]LogTargetPlatformManager: Display: Loaded TargetPlatform 'Android_ATC'
[2020.02.25-16.32.38:173][  0]LogTargetPlatformManager: Display: Loaded TargetPlatform 'Android_DXT'
[2020.02.25-16.32.38:173][  0]LogTargetPlatformManager: Display: Loaded TargetPlatform 'Android_ETC1'
[2020.02.25-16.32.38:173][  0]LogTargetPlatformManager: Display: Loaded TargetPlatform 'Android_ETC1a'
[2020.02.25-16.32.38:173][  0]LogTargetPlatformManager: Display: Loaded TargetPlatform 'Android_ETC2'
[2020.02.25-16.32.38:173][  0]LogTargetPlatformManager: Display: Loaded TargetPlatform 'Android_PVRTC'
[2020.02.25-16.32.38:173][  0]LogTargetPlatformManager: Display: Loaded TargetPlatform 'AndroidClient'
[2020.02.25-16.32.38:173][  0]LogTargetPlatformManager: Display: Loaded TargetPlatform 'Android_ASTCClient'
[2020.02.25-16.32.38:173][  0]LogTargetPlatformManager: Display: Loaded TargetPlatform 'Android_ATCClient'
[2020.02.25-16.32.38:173][  0]LogTargetPlatformManager: Display: Loaded TargetPlatform 'Android_DXTClient'
[2020.02.25-16.32.38:173][  0]LogTargetPlatformManager: Display: Loaded TargetPlatform 'Android_ETC1Client'
[2020.02.25-16.32.38:173][  0]LogTargetPlatformManager: Display: Loaded TargetPlatform 'Android_ETC1aClient'
[2020.02.25-16.32.38:173][  0]LogTargetPlatformManager: Display: Loaded TargetPlatform 'Android_ETC2Client'
[2020.02.25-16.32.38:173][  0]LogTargetPlatformManager: Display: Loaded TargetPlatform 'Android_PVRTCClient'
[2020.02.25-16.32.38:173][  0]LogTargetPlatformManager: Display: Loaded TargetPlatform 'Android_Multi'
[2020.02.25-16.32.38:173][  0]LogTargetPlatformManager: Display: Loaded TargetPlatform 'Android_MultiClient'
[2020.02.25-16.32.38:197][  0]LogTargetPlatformManager: Display: Loaded TargetPlatform 'IOSClient'
[2020.02.25-16.32.38:197][  0]LogTargetPlatformManager: Display: Loaded TargetPlatform 'IOS'
[2020.02.25-16.32.38:203][  0]LogTargetPlatformManager: Display: Loaded TargetPlatform 'LinuxNoEditor'
[2020.02.25-16.32.38:209][  0]LogTargetPlatformManager: Display: Loaded TargetPlatform 'LinuxClient'
[2020.02.25-16.32.38:215][  0]LogTargetPlatformManager: Display: Loaded TargetPlatform 'LinuxServer'
[2020.02.25-16.32.38:221][  0]LogTargetPlatformManager: Display: Loaded TargetPlatform 'LinuxAArch64NoEditor'
[2020.02.25-16.32.38:227][  0]LogTargetPlatformManager: Display: Loaded TargetPlatform 'LinuxAArch64Client'
[2020.02.25-16.32.38:233][  0]LogTargetPlatformManager: Display: Loaded TargetPlatform 'LinuxAArch64Server'
[2020.02.25-16.32.38:255][  0]LogTargetPlatformManager: Display: Loaded TargetPlatform 'Lumin'
[2020.02.25-16.32.38:255][  0]LogTargetPlatformManager: Display: Loaded TargetPlatform 'LuminClient'
[2020.02.25-16.32.38:266][  0]LogTargetPlatformManager: Display: Loaded TargetPlatform 'TVOSClient'
[2020.02.25-16.32.38:266][  0]LogTargetPlatformManager: Display: Loaded TargetPlatform 'TVOS'
[2020.02.25-16.32.38:273][  0]LogTargetPlatformManager: Display: Loaded TargetPlatform 'WindowsNoEditor'
[2020.02.25-16.32.38:280][  0]LogTargetPlatformManager: Display: Loaded TargetPlatform 'Windows'
[2020.02.25-16.32.38:286][  0]LogTargetPlatformManager: Display: Loaded TargetPlatform 'WindowsClient'
[2020.02.25-16.32.38:292][  0]LogTargetPlatformManager: Display: Loaded TargetPlatform 'WindowsServer'
[2020.02.25-16.32.38:292][  0]LogTargetPlatformManager: Display: Building Assets For Windows
[2020.02.25-16.32.38:323][  0]LogAudioDebug: Display: Lib vorbis DLL was dynamically loaded.
[2020.02.25-16.32.38:392][  0]LogShaderCompilers: Guid format shader working directory is -58 characters bigger than the processId version (../../../../../../Users/u1272395/OneDrive/Documents/University of Utah_MEAE/Virtural Worlds/Celeste_Ripoff/Intermediate/Shaders/WorkingDirectory/13740/).
[2020.02.25-16.32.38:392][  0]LogShaderCompilers: Cleaned the shader compiler working directory 'C:/Users/u1272395/AppData/Local/Temp/UnrealShaderWorkingDir/711B4E09432EB330B75CB3896DEB44DE/'.
[2020.02.25-16.32.38:393][  0]LogXGEController: Cleaning working directory: C:/Users/u1272395/AppData/Local/Temp/UnrealXGEWorkingDir/
[2020.02.25-16.32.38:393][  0]LogXGEController: Cannot use XGE Controller as Incredibuild is not installed on this machine.
[2020.02.25-16.32.38:393][  0]LogShaderCompilers: Cannot use XGE Shader Compiler as Incredibuild is not installed on this machine.
[2020.02.25-16.32.38:393][  0]LogShaderCompilers: Display: Using Local Shader Compiler.
[2020.02.25-16.32.40:486][  0]LogDerivedDataCache: Display: Max Cache Size: 512 MB
[2020.02.25-16.32.40:554][  0]LogDerivedDataCache: Loaded boot cache 0.07s 78MB C:/Users/u1272395/AppData/Local/UnrealEngine/4.24/DerivedDataCache/Boot.ddc.
[2020.02.25-16.32.40:554][  0]LogDerivedDataCache: Display: Loaded Boot cache: C:/Users/u1272395/AppData/Local/UnrealEngine/4.24/DerivedDataCache/Boot.ddc
[2020.02.25-16.32.40:554][  0]LogDerivedDataCache: FDerivedDataBackendGraph:  Pak pak cache file ../../../../../../Users/u1272395/OneDrive/Documents/University of Utah_MEAE/Virtural Worlds/Celeste_Ripoff/DerivedDataCache/DDC.ddp not found, will not use a pak cache.
[2020.02.25-16.32.40:554][  0]LogDerivedDataCache: Unable to find inner node Pak for hierarchical cache Hierarchy.
[2020.02.25-16.32.40:554][  0]LogDerivedDataCache: FDerivedDataBackendGraph:  CompressedPak pak cache file ../../../../../../Users/u1272395/OneDrive/Documents/University of Utah_MEAE/Virtural Worlds/Celeste_Ripoff/DerivedDataCache/Compressed.ddp not found, will not use a pak cache.
[2020.02.25-16.32.40:554][  0]LogDerivedDataCache: Unable to find inner node CompressedPak for hierarchical cache Hierarchy.
[2020.02.25-16.32.40:569][  0]LogDerivedDataCache: Display: Pak cache opened for reading ../../../Engine/DerivedDataCache/Compressed.ddp.
[2020.02.25-16.32.40:569][  0]LogDerivedDataCache: FDerivedDataBackendGraph:  EnterprisePak pak cache file ../../../Enterprise/DerivedDataCache/Compressed.ddp not found, will not use a pak cache.
[2020.02.25-16.32.40:569][  0]LogDerivedDataCache: Unable to find inner node EnterprisePak for hierarchical cache Hierarchy.
[2020.02.25-16.32.40:570][  0]LogDerivedDataCache: Using Local data cache path C:/Users/u1272395/AppData/Local/UnrealEngine/Common/DerivedDataCache: Writable
[2020.02.25-16.32.40:570][  0]LogDerivedDataCache: Shared data cache path not found in *engine.ini, will not use an Shared cache.
[2020.02.25-16.32.40:570][  0]LogDerivedDataCache: Unable to find inner node Shared for hierarchical cache Hierarchy.
[2020.02.25-16.32.40:589][  0]LogMaterial: Verifying Global Shaders for PCD3D_SM5
[2020.02.25-16.32.40:596][  0]LogSlate: Using FreeType 2.10.0
[2020.02.25-16.32.40:611][  0]LogSlate: SlateFontServices - WITH_FREETYPE: 1, WITH_HARFBUZZ: 1
[2020.02.25-16.32.40:809][  0]LogAssetRegistry: FAssetRegistry took 0.0042 seconds to start up
[2020.02.25-16.32.41:133][  0]LogInit: Selected Device Profile: [Windows]
[2020.02.25-16.32.41:387][  0]LogMeshReduction: Using QuadricMeshReduction for automatic static mesh reduction
[2020.02.25-16.32.41:387][  0]LogMeshReduction: Using SimplygonMeshReduction for automatic skeletal mesh reduction
[2020.02.25-16.32.41:387][  0]LogMeshReduction: Using ProxyLODMeshReduction for automatic mesh merging
[2020.02.25-16.32.41:387][  0]LogMeshReduction: No distributed automatic mesh merging module available
[2020.02.25-16.32.41:387][  0]LogMeshMerging: No distributed automatic mesh merging module available
[2020.02.25-16.32.41:434][  0]LogNetVersion: Celeste_Ripoff 1.0.0, NetCL: 10570792, EngineNetVer: 13, GameNetVer: 0 (Checksum: 2165588031)
[2020.02.25-16.32.44:053][  0]LogPackageLocalizationCache: Processed 10 localized package path(s) for 1 prioritized culture(s) in 0.040374 seconds
[2020.02.25-16.32.44:060][  0]LogUObjectArray: 46750 objects as part of root set at end of initial load.
[2020.02.25-16.32.44:060][  0]LogUObjectAllocator: 8137160 out of 0 bytes used by permanent object pool.
[2020.02.25-16.32.44:060][  0]LogUObjectArray: CloseDisregardForGC: 0/0 objects in disregard for GC pool
[2020.02.25-16.32.44:701][  0]LogTcpMessaging: Initializing TcpMessaging bridge
[2020.02.25-16.32.44:706][  0]LogUdpMessaging: Initializing bridge on interface 0.0.0.0:0 to multicast group 230.0.0.1:6666.
[2020.02.25-16.32.44:794][  0]SourceControl: Source control is disabled
[2020.02.25-16.32.44:794][  0]SourceControl: Source control is disabled
[2020.02.25-16.32.44:802][  0]SourceControl: Source control is disabled
[2020.02.25-16.32.44:808][  0]SourceControl: Source control is disabled
[2020.02.25-16.32.44:812][  0]SourceControl: Source control is disabled
[2020.02.25-16.32.44:985][  0]LogAndroidPermission: UAndroidPermissionCallbackProxy::GetInstance
[2020.02.25-16.32.45:001][  0]LogAudioCaptureCore: Display: No Audio Capture implementations found. Audio input will be silent.
[2020.02.25-16.32.45:001][  0]LogAudioCaptureCore: Display: No Audio Capture implementations found. Audio input will be silent.
[2020.02.25-16.32.45:122][  0]LogOcInput: OculusInput pre-init called
[2020.02.25-16.32.45:134][  0]LogWindows: Failed to load 'OVRPlugin.dll' (GetLastError=126)
[2020.02.25-16.32.45:134][  0]LogWindows: File 'OVRPlugin.dll' does not exist
[2020.02.25-16.32.45:223][  0]LogEngine: Initializing Engine...
[2020.02.25-16.32.45:224][  0]LogHMD: Failed to initialize OpenVR with code 110
[2020.02.25-16.32.45:227][  0]LogStats: UGameplayTagsManager::InitializeManager -  0.001 s
[2020.02.25-16.32.45:469][  0]LogInit: Initializing FReadOnlyCVARCache
[2020.02.25-16.32.45:498][  0]LogAIModule: Creating AISystem for world Untitled
[2020.02.25-16.32.45:506][  0]LogAudioMixer: Display: Audio Mixer Platform Settings:
[2020.02.25-16.32.45:506][  0]LogAudioMixer: Display: 	Sample Rate:						  48000
[2020.02.25-16.32.45:506][  0]LogAudioMixer: Display: 	Callback Buffer Frame Size Requested: 1024
[2020.02.25-16.32.45:506][  0]LogAudioMixer: Display: 	Callback Buffer Frame Size To Use:	  1024
[2020.02.25-16.32.45:506][  0]LogAudioMixer: Display: 	Number of buffers to queue:			  2
[2020.02.25-16.32.45:506][  0]LogAudioMixer: Display: 	Max Channels (voices):				  32
[2020.02.25-16.32.45:506][  0]LogAudioMixer: Display: 	Number of Async Source Workers:		  0
[2020.02.25-16.32.45:506][  0]LogAudio: Display: AudioDevice MaxSources: 32
[2020.02.25-16.32.45:507][  0]LogAudio: Display: Using built-in audio occlusion.
[2020.02.25-16.32.45:507][  0]LogAudioMixer: Display: Initializing audio mixer.
[2020.02.25-16.32.45:540][  0]LogAudioMixer: Display: Audio Device Output Speaker Info:
[2020.02.25-16.32.45:540][  0]LogAudioMixer: Display: Name: Speakers (3- High Definition Audio Device)
[2020.02.25-16.32.45:540][  0]LogAudioMixer: Display: Is Default: Yes
[2020.02.25-16.32.45:540][  0]LogAudioMixer: Display: Sample Rate: 48000
[2020.02.25-16.32.45:540][  0]LogAudioMixer: Display: Channel Count Used: 2
[2020.02.25-16.32.45:540][  0]LogAudioMixer: Display: Device Channel Count: 2
[2020.02.25-16.32.45:540][  0]LogAudioMixer: Display: Channel Order:
[2020.02.25-16.32.45:540][  0]LogAudioMixer: Display: 0: FrontLeft
[2020.02.25-16.32.45:540][  0]LogAudioMixer: Display: 1: FrontRight
[2020.02.25-16.32.45:569][  0]LogAudioMixer: Display: Using Audio Device Speakers (3- High Definition Audio Device)
[2020.02.25-16.32.45:575][  0]LogInit: FAudioDevice initialized.
[2020.02.25-16.32.45:575][  0]LogNetVersion: Set ProjectVersion to 1.0.0.0. Version Checksum will be recalculated on next use.
[2020.02.25-16.32.45:614][  0]LogDerivedDataCache: Saved boot cache 0.04s 78MB C:/Users/u1272395/AppData/Local/UnrealEngine/4.24/DerivedDataCache/Boot.ddc.
[2020.02.25-16.32.45:617][  0]LogInit: Texture streaming: Enabled
[2020.02.25-16.32.45:630][  0]LogEngineSessionManager: EngineSessionManager initialized
[2020.02.25-16.32.45:630][  0]LogEditorSessionSummary: Verbose: Initializing EditorSessionSummaryWriter for editor session tracking
[2020.02.25-16.32.45:631][  0]LogEditorSessionSummary: EditorSessionSummaryWriter initialized
[2020.02.25-16.32.45:687][  0]LogInit: Transaction tracking system initialized
[2020.02.25-16.32.45:721][  0]BlueprintLog: New page: Editor Load
[2020.02.25-16.32.45:825][  0]LocalizationService: Localization service is disabled
[2020.02.25-16.32.46:122][  0]LogFileCache: Scanning file cache for directory 'C:/Users/u1272395/OneDrive/Documents/University of Utah_MEAE/Virtural Worlds/Celeste_Ripoff/Content/' took 0.01s
[2020.02.25-16.32.46:122][  0]LogCook: Display: Max memory allowance for cook 16384mb min free memory 0mb
[2020.02.25-16.32.46:122][  0]LogCook: Display: Mobile HDR setting 1
[2020.02.25-16.32.46:716][  0]SourceControl: Source control is disabled
[2020.02.25-16.32.46:717][  0]LightingResults: New page: Lighting Build
[2020.02.25-16.32.46:721][  0]LogWorld: UWorld::CleanupWorld for Untitled, bSessionEnded=true, bCleanupResources=true
[2020.02.25-16.32.46:721][  0]LogSlate: InvalidateAllWidgets triggered.  All widgets were invalidated
[2020.02.25-16.32.46:722][  0]MapCheck: New page: Map Check
[2020.02.25-16.32.46:722][  0]LightingResults: New page: Lighting Build
[2020.02.25-16.32.46:748][  0]LogUObjectHash: Compacting FUObjectHashTables data took   1.24ms
[2020.02.25-16.32.47:514][  0]LogMaterial: Display: Missing cached shader map for material M_UE4Man_BodyRed, compiling. 
[2020.02.25-16.32.47:587][  0]LogShaderCompilers: Display: Worker (1/5): shaders left to compile 98
[2020.02.25-16.32.47:587][  0]LogShaderCompilers: Display: Worker (2/5): shaders left to compile 88
[2020.02.25-16.32.47:587][  0]LogShaderCompilers: Display: Worker (3/5): shaders left to compile 78
[2020.02.25-16.32.47:587][  0]LogShaderCompilers: Display: Worker (4/5): shaders left to compile 68
[2020.02.25-16.32.47:587][  0]LogShaderCompilers: Display: Worker (5/5): shaders left to compile 58
[2020.02.25-16.32.47:594][  0]LogMaterial: Display: Missing cached shader map for material M_UE4Man_BodyBlue, compiling. 
[2020.02.25-16.32.47:648][  0]LogAIModule: Creating AISystem for world SideScrollerExampleMap
[2020.02.25-16.32.47:666][  0]LogEditorServer: Finished looking for orphan Actors (0.000 secs)
[2020.02.25-16.32.47:692][  0]LogUObjectHash: Compacting FUObjectHashTables data took   1.66ms
[2020.02.25-16.32.47:692][  0]Cmd: MAP CHECKDEP NOCLEARLOG
[2020.02.25-16.32.47:692][  0]MapCheck: Map check complete: 0 Error(s), 0 Warning(s), took 0.306ms to complete.
[2020.02.25-16.32.47:692][  0]LogFileHelpers: Loading map 'SideScrollerExampleMap' took 0.976
[2020.02.25-16.32.47:876][  0]LogSlate: Updating window title bar state: overlay mode, drag disabled, window buttons hidden, title bar hidden
[2020.02.25-16.32.47:882][  0]LogSlate: Updating window title bar state: overlay mode, drag disabled, window buttons hidden, title bar hidden
[2020.02.25-16.32.47:888][  0]LogSlate: Updating window title bar state: overlay mode, drag disabled, window buttons hidden, title bar hidden
[2020.02.25-16.32.47:894][  0]LogSlate: Updating window title bar state: overlay mode, drag disabled, window buttons hidden, title bar hidden
[2020.02.25-16.32.47:907][  0]LogCollectionManager: Loaded 0 collections in 0.001661 seconds
[2020.02.25-16.32.47:930][  0]LogFileCache: Scanning file cache for directory 'C:/Users/u1272395/OneDrive/Documents/University of Utah_MEAE/Virtural Worlds/Celeste_Ripoff/Saved/Collections/' took 0.00s
[2020.02.25-16.32.47:930][  0]LogFileCache: Scanning file cache for directory 'C:/Users/u1272395/OneDrive/Documents/University of Utah_MEAE/Virtural Worlds/Celeste_Ripoff/Content/Developers/u1272395/Collections/' took 0.00s
[2020.02.25-16.32.47:930][  0]LogFileCache: Scanning file cache for directory 'C:/Users/u1272395/OneDrive/Documents/University of Utah_MEAE/Virtural Worlds/Celeste_Ripoff/Content/Collections/' took 0.00s
[2020.02.25-16.32.47:930][  0]LogContentBrowser: Native class hierarchy populated in 0.0073 seconds. Added 3015 classes and 717 folders.
[2020.02.25-16.32.47:936][  0]LogContentBrowser: Native class hierarchy updated for 'WidgetCarousel' in 0.0002 seconds. Added 0 classes and 0 folders.
[2020.02.25-16.32.48:255][  0]LogContentBrowser: Native class hierarchy updated for 'AddContentDialog' in 0.0003 seconds. Added 0 classes and 0 folders.
[2020.02.25-16.32.48:264][  0]LogContentBrowser: Native class hierarchy updated for 'SceneOutliner' in 0.0003 seconds. Added 2 classes and 3 folders.
[2020.02.25-16.32.48:413][  0]LogSlate: Took 0.005484 seconds to synchronously load lazily loaded font '../../../Engine/Content/Slate/Fonts/Roboto-Regular.ttf' (155K)
[2020.02.25-16.32.48:419][  0]LogSlate: Took 0.004919 seconds to synchronously load lazily loaded font '../../../Engine/Content/Slate/Fonts/Roboto-Bold.ttf' (160K)
[2020.02.25-16.32.48:428][  0]LogSlate: Took 0.004554 seconds to synchronously load lazily loaded font '../../../Engine/Content/Editor/Slate/Fonts/FontAwesome.ttf' (139K)
[2020.02.25-16.32.48:522][  0]LogRenderer: Reallocating scene render targets to support 1208x600 Format 10 NumSamples 1 (Frame:1).
[2020.02.25-16.32.48:627][  0]LogContentBrowser: Native class hierarchy updated for 'HierarchicalLODOutliner' in 0.0002 seconds. Added 0 classes and 0 folders.
[2020.02.25-16.32.48:627][  0]LogLoad: (Engine Initialization) Total time: 17.36 seconds
[2020.02.25-16.32.48:627][  0]LogLoad: (Engine Initialization) Total Blueprint compile time: 0.00 seconds
[2020.02.25-16.32.48:670][  0]LogAssetRegistry: Asset discovery search completed in 7.8624 seconds
[2020.02.25-16.32.48:672][  0]LogCollectionManager: Fixed up redirectors for 0 collections in 0.000006 seconds (updated 0 objects)
[2020.02.25-16.32.48:675][  0]LogContentStreaming: Texture pool size now 1000 MB
[2020.02.25-16.32.48:698][  0]LogSlate: Took 0.004657 seconds to synchronously load lazily loaded font '../../../Engine/Content/Slate/Fonts/Roboto-Light.ttf' (167K)
[2020.02.25-16.32.49:023][ 19]LogShaderCompilers: Display: Worker (2/5): shaders left to compile 146
[2020.02.25-16.32.49:249][ 45]LogShaderCompilers: Display: Worker (1/5): shaders left to compile 136
[2020.02.25-16.32.49:568][ 82]LogShaderCompilers: Display: Worker (4/5): shaders left to compile 126
[2020.02.25-16.32.50:488][145]LogShaderCompilers: Display: Worker (3/5): shaders left to compile 116
[2020.02.25-16.32.50:647][164]LogShaderCompilers: Display: Worker (4/5): shaders left to compile 106
[2020.02.25-16.32.50:898][194]LogShaderCompilers: Display: Worker (1/5): shaders left to compile 96
[2020.02.25-16.32.51:005][207]LogShaderCompilers: Display: Worker (2/5): shaders left to compile 86
[2020.02.25-16.32.52:182][348]LogShaderCompilers: Display: Worker (1/5): shaders left to compile 76
[2020.02.25-16.32.52:325][364]LogShaderCompilers: Display: Worker (3/5): shaders left to compile 66
[2020.02.25-16.32.52:325][364]LogShaderCompilers: Display: Worker (4/5): shaders left to compile 56
[2020.02.25-16.32.52:499][385]LogShaderCompilers: Display: Worker (2/5): shaders left to compile 46
[2020.02.25-16.32.53:636][521]LogShaderCompilers: Display: Worker (4/5): shaders left to compile 36
[2020.02.25-16.32.53:827][544]LogShaderCompilers: Display: Worker (3/5): shaders left to compile 26
[2020.02.25-16.32.54:561][632]LogShaderCompilers: Display: Worker (2/5): shaders left to compile 19
[2020.02.25-16.32.54:603][637]LogShaderCompilers: Display: Worker (1/5): shaders left to compile 14
[2020.02.25-16.32.54:635][641]LogShaderCompilers: Display: Worker (3/5): shaders left to compile 10
[2020.02.25-16.32.54:985][683]LogShaderCompilers: Display: Worker (4/5): shaders left to compile 7
[2020.02.25-16.32.55:253][715]LogShaderCompilers: Display: Worker (3/5): shaders left to compile 5
[2020.02.25-16.32.55:278][718]LogShaderCompilers: Display: Worker (2/5): shaders left to compile 3
[2020.02.25-16.32.55:326][723]LogShaderCompilers: Display: Worker (1/5): shaders left to compile 2
[2020.02.25-16.32.55:413][734]LogShaderCompilers: Display: Worker (4/5): shaders left to compile 1
[2020.02.25-16.33.04:059][752]LogTemp: Repeating last play command: Selected Viewport
[2020.02.25-16.33.04:070][752]LogBlueprintUserMessages: Early PlayInEditor Detection: Level '/Game/SideScrollerBP/Maps/SideScrollerExampleMap.SideScrollerExampleMap:PersistentLevel' has LevelScriptBlueprint '/Game/SideScrollerBP/Maps/SideScrollerExampleMap.SideScrollerExampleMap:PersistentLevel.SideScrollerExampleMap' with GeneratedClass '/Game/SideScrollerBP/Maps/SideScrollerExampleMap.SideScrollerExampleMap_C' with ClassGeneratedBy '/Game/SideScrollerBP/Maps/SideScrollerExampleMap.SideScrollerExampleMap:PersistentLevel.SideScrollerExampleMap'
[2020.02.25-16.33.04:070][752]LogPlayLevel: PlayLevel: No blueprints needed recompiling
[2020.02.25-16.33.04:072][752]PIE: New page: PIE session: SideScrollerExampleMap (Feb 25, 2020, 2:33:04 AM)
[2020.02.25-16.33.04:074][752]LogOnline: OSS: Creating online subsystem instance for: NULL
[2020.02.25-16.33.04:075][752]LogOnline: OSS: TryLoadSubsystemAndSetDefault: Loaded subsystem for module [NULL]
[2020.02.25-16.33.04:075][752]LogPlayLevel: Creating play world package: /Game/SideScrollerBP/Maps/UEDPIE_0_SideScrollerExampleMap
[2020.02.25-16.33.04:085][752]LogPlayLevel: PIE: StaticDuplicateObject took: (0.009684s)
[2020.02.25-16.33.04:086][752]LogAIModule: Creating AISystem for world SideScrollerExampleMap
[2020.02.25-16.33.04:086][752]LogPlayLevel: PIE: World Init took: (0.000789s)
[2020.02.25-16.33.04:086][752]LogPlayLevel: PIE: Created PIE world by copying editor world from /Game/SideScrollerBP/Maps/SideScrollerExampleMap.SideScrollerExampleMap to /Game/SideScrollerBP/Maps/UEDPIE_0_SideScrollerExampleMap.SideScrollerExampleMap (0.010648s)
[2020.02.25-16.33.04:108][752]LogUObjectHash: Compacting FUObjectHashTables data took   1.02ms
[2020.02.25-16.33.04:109][752]LogAudioMixer: Display: Audio Mixer Platform Settings:
[2020.02.25-16.33.04:109][752]LogAudioMixer: Display: 	Sample Rate:						  48000
[2020.02.25-16.33.04:109][752]LogAudioMixer: Display: 	Callback Buffer Frame Size Requested: 1024
[2020.02.25-16.33.04:109][752]LogAudioMixer: Display: 	Callback Buffer Frame Size To Use:	  1024
[2020.02.25-16.33.04:109][752]LogAudioMixer: Display: 	Number of buffers to queue:			  2
[2020.02.25-16.33.04:109][752]LogAudioMixer: Display: 	Max Channels (voices):				  32
[2020.02.25-16.33.04:109][752]LogAudioMixer: Display: 	Number of Async Source Workers:		  0
[2020.02.25-16.33.04:109][752]LogAudio: Display: AudioDevice MaxSources: 32
[2020.02.25-16.33.04:109][752]LogAudio: Display: Using built-in audio occlusion.
[2020.02.25-16.33.04:109][752]LogAudioMixer: Display: Initializing audio mixer.
[2020.02.25-16.33.04:129][752]LogAudioMixer: Display: Audio Device Output Speaker Info:
[2020.02.25-16.33.04:129][752]LogAudioMixer: Display: Name: Speakers (3- High Definition Audio Device)
[2020.02.25-16.33.04:129][752]LogAudioMixer: Display: Is Default: Yes
[2020.02.25-16.33.04:129][752]LogAudioMixer: Display: Sample Rate: 48000
[2020.02.25-16.33.04:129][752]LogAudioMixer: Display: Channel Count Used: 2
[2020.02.25-16.33.04:129][752]LogAudioMixer: Display: Device Channel Count: 2
[2020.02.25-16.33.04:129][752]LogAudioMixer: Display: Channel Order:
[2020.02.25-16.33.04:129][752]LogAudioMixer: Display: 0: FrontLeft
[2020.02.25-16.33.04:129][752]LogAudioMixer: Display: 1: FrontRight
[2020.02.25-16.33.04:136][752]LogAudioMixer: Display: Using Audio Device Speakers (3- High Definition Audio Device)
[2020.02.25-16.33.04:137][752]LogInit: FAudioDevice initialized.
[2020.02.25-16.33.04:150][752]LogLoad: Game class is 'SideScrollerGameMode_C'
[2020.02.25-16.33.04:152][752]LogWorld: Bringing World /Game/SideScrollerBP/Maps/UEDPIE_0_SideScrollerExampleMap.SideScrollerExampleMap up for play (max tick rate 0) at 2020.02.25-09.33.04
[2020.02.25-16.33.04:153][752]LogWorld: Bringing up level for play took: 0.001424
[2020.02.25-16.33.04:153][752]LogOnline: OSS: Creating online subsystem instance for: :Context_3
[2020.02.25-16.33.04:160][752]LogContentBrowser: Native class hierarchy updated for 'MovieSceneCapture' in 0.0002 seconds. Added 20 classes and 0 folders.
[2020.02.25-16.33.04:161][752]PIE: Play in editor start time for /Game/SideScrollerBP/Maps/UEDPIE_0_SideScrollerExampleMap 0.996
[2020.02.25-16.33.04:161][752]LogBlueprintUserMessages: Late PlayInEditor Detection: Level '/Game/SideScrollerBP/Maps/SideScrollerExampleMap.SideScrollerExampleMap:PersistentLevel' has LevelScriptBlueprint '/Game/SideScrollerBP/Maps/SideScrollerExampleMap.SideScrollerExampleMap:PersistentLevel.SideScrollerExampleMap' with GeneratedClass '/Game/SideScrollerBP/Maps/SideScrollerExampleMap.SideScrollerExampleMap_C' with ClassGeneratedBy '/Game/SideScrollerBP/Maps/SideScrollerExampleMap.SideScrollerExampleMap:PersistentLevel.SideScrollerExampleMap'
[2020.02.25-16.34.58:931][518]LogAudioMixer: Display: No commands were queued while flushing the source manager.
[2020.02.25-16.34.58:931][518]LogAudioMixer: Display: No commands were queued while flushing the source manager.
[2020.02.25-16.34.58:931][518]LogBlueprintUserMessages: Early EndPlayMap Detection: Level '/Game/SideScrollerBP/Maps/SideScrollerExampleMap.SideScrollerExampleMap:PersistentLevel' has LevelScriptBlueprint '/Game/SideScrollerBP/Maps/SideScrollerExampleMap.SideScrollerExampleMap:PersistentLevel.SideScrollerExampleMap' with GeneratedClass '/Game/SideScrollerBP/Maps/SideScrollerExampleMap.SideScrollerExampleMap_C' with ClassGeneratedBy '/Game/SideScrollerBP/Maps/SideScrollerExampleMap.SideScrollerExampleMap:PersistentLevel.SideScrollerExampleMap'
[2020.02.25-16.34.58:931][518]LogSlate: Updating window title bar state: overlay mode, drag disabled, window buttons hidden, title bar hidden
[2020.02.25-16.34.58:931][518]LogWorld: BeginTearingDown for /Game/SideScrollerBP/Maps/UEDPIE_0_SideScrollerExampleMap
[2020.02.25-16.34.58:931][518]LogAudioMixer: Display: No commands were queued while flushing the source manager.
[2020.02.25-16.34.58:932][518]LogWorld: UWorld::CleanupWorld for SideScrollerExampleMap, bSessionEnded=true, bCleanupResources=true
[2020.02.25-16.34.58:932][518]LogSlate: InvalidateAllWidgets triggered.  All widgets were invalidated
[2020.02.25-16.34.58:939][518]LogPlayLevel: Display: Shutting down PIE online subsystems
[2020.02.25-16.34.58:939][518]LogBlueprintUserMessages: Late EndPlayMap Detection: Level '/Game/SideScrollerBP/Maps/SideScrollerExampleMap.SideScrollerExampleMap:PersistentLevel' has LevelScriptBlueprint '/Game/SideScrollerBP/Maps/SideScrollerExampleMap.SideScrollerExampleMap:PersistentLevel.SideScrollerExampleMap' with GeneratedClass '/Game/SideScrollerBP/Maps/SideScrollerExampleMap.SideScrollerExampleMap_C' with ClassGeneratedBy '/Game/SideScrollerBP/Maps/SideScrollerExampleMap.SideScrollerExampleMap:PersistentLevel.SideScrollerExampleMap'
[2020.02.25-16.34.58:942][518]LogSlate: InvalidateAllWidgets triggered.  All widgets were invalidated
[2020.02.25-16.34.58:962][518]LogAudioMixer: Display: No commands were queued while flushing the source manager.
[2020.02.25-16.34.58:965][518]LogSlate: Updating window title bar state: overlay mode, drag disabled, window buttons hidden, title bar hidden
[2020.02.25-16.34.58:968][518]LogUObjectHash: Compacting FUObjectHashTables data took   1.35ms
[2020.02.25-16.34.59:028][524]LogPlayLevel: Display: Destroying online subsystem :Context_3
[2020.02.25-16.35.00:644][711]LogSlate: Took 0.000112 seconds to synchronously load lazily loaded font '../../../Engine/Content/Slate/Fonts/Roboto-Light.ttf' (167K)
[2020.02.25-16.35.00:663][711]LogAssetEditorSubsystem: Opening Asset editor for Blueprint /Game/SideScrollerBP/Blueprints/SideScrollerCharacter.SideScrollerCharacter
[2020.02.25-16.35.00:827][711]LogContentBrowser: Native class hierarchy updated for 'BlueprintGraph' in 0.0004 seconds. Added 121 classes and 0 folders.
[2020.02.25-16.35.01:453][711]LogSlate: Took 0.003712 seconds to synchronously load lazily loaded font '../../../Engine/Content/Slate/Fonts/Roboto-BoldCondensed.ttf' (158K)
[2020.02.25-16.35.01:561][712]LogSlate: Took 0.003602 seconds to synchronously load lazily loaded font '../../../Engine/Content/Slate/Fonts/Roboto-Italic.ttf' (157K)
[2020.02.25-16.35.47:703][184]LogTemp: Repeating last play command: Selected Viewport
[2020.02.25-16.35.47:714][184]LogBlueprintUserMessages: Early PlayInEditor Detection: Level '/Game/SideScrollerBP/Maps/SideScrollerExampleMap.SideScrollerExampleMap:PersistentLevel' has LevelScriptBlueprint '/Game/SideScrollerBP/Maps/SideScrollerExampleMap.SideScrollerExampleMap:PersistentLevel.SideScrollerExampleMap' with GeneratedClass '/Game/SideScrollerBP/Maps/SideScrollerExampleMap.SideScrollerExampleMap_C' with ClassGeneratedBy '/Game/SideScrollerBP/Maps/SideScrollerExampleMap.SideScrollerExampleMap:PersistentLevel.SideScrollerExampleMap'
[2020.02.25-16.35.47:714][184]LogPlayLevel: PlayLevel: No blueprints needed recompiling
[2020.02.25-16.35.47:714][184]PIE: New page: PIE session: SideScrollerExampleMap (Feb 25, 2020, 2:35:47 AM)
[2020.02.25-16.35.47:714][184]LogPlayLevel: Creating play world package: /Game/SideScrollerBP/Maps/UEDPIE_0_SideScrollerExampleMap
[2020.02.25-16.35.47:722][184]LogPlayLevel: PIE: StaticDuplicateObject took: (0.008159s)
[2020.02.25-16.35.47:723][184]LogAIModule: Creating AISystem for world SideScrollerExampleMap
[2020.02.25-16.35.47:723][184]LogPlayLevel: PIE: World Init took: (0.000860s)
[2020.02.25-16.35.47:723][184]LogPlayLevel: PIE: Created PIE world by copying editor world from /Game/SideScrollerBP/Maps/SideScrollerExampleMap.SideScrollerExampleMap to /Game/SideScrollerBP/Maps/UEDPIE_0_SideScrollerExampleMap.SideScrollerExampleMap (0.009129s)
[2020.02.25-16.35.47:753][184]LogUObjectHash: Compacting FUObjectHashTables data took   2.30ms
[2020.02.25-16.35.47:754][184]LogAudioMixer: Display: Audio Mixer Platform Settings:
[2020.02.25-16.35.47:754][184]LogAudioMixer: Display: 	Sample Rate:						  48000
[2020.02.25-16.35.47:754][184]LogAudioMixer: Display: 	Callback Buffer Frame Size Requested: 1024
[2020.02.25-16.35.47:754][184]LogAudioMixer: Display: 	Callback Buffer Frame Size To Use:	  1024
[2020.02.25-16.35.47:754][184]LogAudioMixer: Display: 	Number of buffers to queue:			  2
[2020.02.25-16.35.47:754][184]LogAudioMixer: Display: 	Max Channels (voices):				  32
[2020.02.25-16.35.47:754][184]LogAudioMixer: Display: 	Number of Async Source Workers:		  0
[2020.02.25-16.35.47:754][184]LogAudio: Display: AudioDevice MaxSources: 32
[2020.02.25-16.35.47:755][184]LogAudio: Display: Using built-in audio occlusion.
[2020.02.25-16.35.47:755][184]LogAudioMixer: Display: Initializing audio mixer.
[2020.02.25-16.35.47:774][184]LogAudioMixer: Display: Audio Device Output Speaker Info:
[2020.02.25-16.35.47:774][184]LogAudioMixer: Display: Name: Speakers (3- High Definition Audio Device)
[2020.02.25-16.35.47:774][184]LogAudioMixer: Display: Is Default: Yes
[2020.02.25-16.35.47:774][184]LogAudioMixer: Display: Sample Rate: 48000
[2020.02.25-16.35.47:774][184]LogAudioMixer: Display: Channel Count Used: 2
[2020.02.25-16.35.47:774][184]LogAudioMixer: Display: Device Channel Count: 2
[2020.02.25-16.35.47:774][184]LogAudioMixer: Display: Channel Order:
[2020.02.25-16.35.47:774][184]LogAudioMixer: Display: 0: FrontLeft
[2020.02.25-16.35.47:774][184]LogAudioMixer: Display: 1: FrontRight
[2020.02.25-16.35.47:781][184]LogAudioMixer: Display: Using Audio Device Speakers (3- High Definition Audio Device)
[2020.02.25-16.35.47:782][184]LogInit: FAudioDevice initialized.
[2020.02.25-16.35.47:793][184]LogLoad: Game class is 'SideScrollerGameMode_C'
[2020.02.25-16.35.47:795][184]LogWorld: Bringing World /Game/SideScrollerBP/Maps/UEDPIE_0_SideScrollerExampleMap.SideScrollerExampleMap up for play (max tick rate 0) at 2020.02.25-09.35.47
[2020.02.25-16.35.47:795][184]LogWorld: Bringing up level for play took: 0.001236
[2020.02.25-16.35.47:795][184]LogOnline: OSS: Creating online subsystem instance for: :Context_5
[2020.02.25-16.35.47:797][184]PIE: Play in editor start time for /Game/SideScrollerBP/Maps/UEDPIE_0_SideScrollerExampleMap 0.632
[2020.02.25-16.35.47:797][184]LogBlueprintUserMessages: Late PlayInEditor Detection: Level '/Game/SideScrollerBP/Maps/SideScrollerExampleMap.SideScrollerExampleMap:PersistentLevel' has LevelScriptBlueprint '/Game/SideScrollerBP/Maps/SideScrollerExampleMap.SideScrollerExampleMap:PersistentLevel.SideScrollerExampleMap' with GeneratedClass '/Game/SideScrollerBP/Maps/SideScrollerExampleMap.SideScrollerExampleMap_C' with ClassGeneratedBy '/Game/SideScrollerBP/Maps/SideScrollerExampleMap.SideScrollerExampleMap:PersistentLevel.SideScrollerExampleMap'
[2020.02.25-16.42.02:808][159]LogAudioMixer: Display: No commands were queued while flushing the source manager.
[2020.02.25-16.42.02:808][159]LogAudioMixer: Display: No commands were queued while flushing the source manager.
[2020.02.25-16.42.02:809][159]LogBlueprintUserMessages: Early EndPlayMap Detection: Level '/Game/SideScrollerBP/Maps/SideScrollerExampleMap.SideScrollerExampleMap:PersistentLevel' has LevelScriptBlueprint '/Game/SideScrollerBP/Maps/SideScrollerExampleMap.SideScrollerExampleMap:PersistentLevel.SideScrollerExampleMap' with GeneratedClass '/Game/SideScrollerBP/Maps/SideScrollerExampleMap.SideScrollerExampleMap_C' with ClassGeneratedBy '/Game/SideScrollerBP/Maps/SideScrollerExampleMap.SideScrollerExampleMap:PersistentLevel.SideScrollerExampleMap'
[2020.02.25-16.42.02:809][159]LogSlate: Updating window title bar state: overlay mode, drag disabled, window buttons hidden, title bar hidden
[2020.02.25-16.42.02:809][159]LogWorld: BeginTearingDown for /Game/SideScrollerBP/Maps/UEDPIE_0_SideScrollerExampleMap
[2020.02.25-16.42.02:809][159]LogAudioMixer: Display: No commands were queued while flushing the source manager.
[2020.02.25-16.42.02:809][159]LogWorld: UWorld::CleanupWorld for SideScrollerExampleMap, bSessionEnded=true, bCleanupResources=true
[2020.02.25-16.42.02:809][159]LogSlate: InvalidateAllWidgets triggered.  All widgets were invalidated
[2020.02.25-16.42.02:824][159]LogPlayLevel: Display: Shutting down PIE online subsystems
[2020.02.25-16.42.02:824][159]LogBlueprintUserMessages: Late EndPlayMap Detection: Level '/Game/SideScrollerBP/Maps/SideScrollerExampleMap.SideScrollerExampleMap:PersistentLevel' has LevelScriptBlueprint '/Game/SideScrollerBP/Maps/SideScrollerExampleMap.SideScrollerExampleMap:PersistentLevel.SideScrollerExampleMap' with GeneratedClass '/Game/SideScrollerBP/Maps/SideScrollerExampleMap.SideScrollerExampleMap_C' with ClassGeneratedBy '/Game/SideScrollerBP/Maps/SideScrollerExampleMap.SideScrollerExampleMap:PersistentLevel.SideScrollerExampleMap'
[2020.02.25-16.42.02:827][159]LogSlate: InvalidateAllWidgets triggered.  All widgets were invalidated
[2020.02.25-16.42.02:852][159]LogAudioMixer: Display: No commands were queued while flushing the source manager.
[2020.02.25-16.42.02:855][159]LogSlate: Updating window title bar state: overlay mode, drag disabled, window buttons hidden, title bar hidden
[2020.02.25-16.42.02:858][159]LogUObjectHash: Compacting FUObjectHashTables data took   2.07ms
[2020.02.25-16.42.02:921][160]LogPlayLevel: Display: Destroying online subsystem :Context_5
[2020.02.25-17.58.18:040][939]LogTemp: Repeating last play command: Selected Viewport
[2020.02.25-17.58.18:050][939]LogBlueprintUserMessages: Early PlayInEditor Detection: Level '/Game/SideScrollerBP/Maps/SideScrollerExampleMap.SideScrollerExampleMap:PersistentLevel' has LevelScriptBlueprint '/Game/SideScrollerBP/Maps/SideScrollerExampleMap.SideScrollerExampleMap:PersistentLevel.SideScrollerExampleMap' with GeneratedClass '/Game/SideScrollerBP/Maps/SideScrollerExampleMap.SideScrollerExampleMap_C' with ClassGeneratedBy '/Game/SideScrollerBP/Maps/SideScrollerExampleMap.SideScrollerExampleMap:PersistentLevel.SideScrollerExampleMap'
[2020.02.25-17.58.18:050][939]LogPlayLevel: PlayLevel: No blueprints needed recompiling
[2020.02.25-17.58.18:050][939]PIE: New page: PIE session: SideScrollerExampleMap (Feb 25, 2020, 3:58:18 AM)
[2020.02.25-17.58.18:050][939]LogPlayLevel: Creating play world package: /Game/SideScrollerBP/Maps/UEDPIE_0_SideScrollerExampleMap
[2020.02.25-17.58.18:059][939]LogPlayLevel: PIE: StaticDuplicateObject took: (0.008504s)
[2020.02.25-17.58.18:060][939]LogAIModule: Creating AISystem for world SideScrollerExampleMap
[2020.02.25-17.58.18:060][939]LogPlayLevel: PIE: World Init took: (0.000982s)
[2020.02.25-17.58.18:060][939]LogPlayLevel: PIE: Created PIE world by copying editor world from /Game/SideScrollerBP/Maps/SideScrollerExampleMap.SideScrollerExampleMap to /Game/SideScrollerBP/Maps/UEDPIE_0_SideScrollerExampleMap.SideScrollerExampleMap (0.009597s)
[2020.02.25-17.58.18:086][939]LogUObjectHash: Compacting FUObjectHashTables data took   1.94ms
[2020.02.25-17.58.18:087][939]LogAudioMixer: Display: Audio Mixer Platform Settings:
[2020.02.25-17.58.18:087][939]LogAudioMixer: Display: 	Sample Rate:						  48000
[2020.02.25-17.58.18:087][939]LogAudioMixer: Display: 	Callback Buffer Frame Size Requested: 1024
[2020.02.25-17.58.18:087][939]LogAudioMixer: Display: 	Callback Buffer Frame Size To Use:	  1024
[2020.02.25-17.58.18:087][939]LogAudioMixer: Display: 	Number of buffers to queue:			  2
[2020.02.25-17.58.18:087][939]LogAudioMixer: Display: 	Max Channels (voices):				  32
[2020.02.25-17.58.18:087][939]LogAudioMixer: Display: 	Number of Async Source Workers:		  0
[2020.02.25-17.58.18:087][939]LogAudio: Display: AudioDevice MaxSources: 32
[2020.02.25-17.58.18:088][939]LogAudio: Display: Using built-in audio occlusion.
[2020.02.25-17.58.18:088][939]LogAudioMixer: Display: Initializing audio mixer.
[2020.02.25-17.58.18:107][939]LogAudioMixer: Display: Audio Device Output Speaker Info:
[2020.02.25-17.58.18:107][939]LogAudioMixer: Display: Name: Speakers (3- High Definition Audio Device)
[2020.02.25-17.58.18:107][939]LogAudioMixer: Display: Is Default: Yes
[2020.02.25-17.58.18:107][939]LogAudioMixer: Display: Sample Rate: 48000
[2020.02.25-17.58.18:107][939]LogAudioMixer: Display: Channel Count Used: 2
[2020.02.25-17.58.18:107][939]LogAudioMixer: Display: Device Channel Count: 2
[2020.02.25-17.58.18:107][939]LogAudioMixer: Display: Channel Order:
[2020.02.25-17.58.18:107][939]LogAudioMixer: Display: 0: FrontLeft
[2020.02.25-17.58.18:107][939]LogAudioMixer: Display: 1: FrontRight
[2020.02.25-17.58.18:115][939]LogAudioMixer: Display: Using Audio Device Speakers (3- High Definition Audio Device)
[2020.02.25-17.58.18:116][939]LogInit: FAudioDevice initialized.
[2020.02.25-17.58.18:123][939]LogLoad: Game class is 'SideScrollerGameMode_C'
[2020.02.25-17.58.18:125][939]LogWorld: Bringing World /Game/SideScrollerBP/Maps/UEDPIE_0_SideScrollerExampleMap.SideScrollerExampleMap up for play (max tick rate 0) at 2020.02.25-10.58.18
[2020.02.25-17.58.18:125][939]LogWorld: Bringing up level for play took: 0.001211
[2020.02.25-17.58.18:125][939]LogOnline: OSS: Creating online subsystem instance for: :Context_6
[2020.02.25-17.58.18:127][939]PIE: Play in editor start time for /Game/SideScrollerBP/Maps/UEDPIE_0_SideScrollerExampleMap 0.97
[2020.02.25-17.58.18:127][939]LogBlueprintUserMessages: Late PlayInEditor Detection: Level '/Game/SideScrollerBP/Maps/SideScrollerExampleMap.SideScrollerExampleMap:PersistentLevel' has LevelScriptBlueprint '/Game/SideScrollerBP/Maps/SideScrollerExampleMap.SideScrollerExampleMap:PersistentLevel.SideScrollerExampleMap' with GeneratedClass '/Game/SideScrollerBP/Maps/SideScrollerExampleMap.SideScrollerExampleMap_C' with ClassGeneratedBy '/Game/SideScrollerBP/Maps/SideScrollerExampleMap.SideScrollerExampleMap:PersistentLevel.SideScrollerExampleMap'
[2020.02.25-17.59.42:529][ 38]LogAudioMixer: Display: No commands were queued while flushing the source manager.
[2020.02.25-17.59.42:529][ 38]LogAudioMixer: Display: No commands were queued while flushing the source manager.
[2020.02.25-17.59.42:529][ 38]LogBlueprintUserMessages: Early EndPlayMap Detection: Level '/Game/SideScrollerBP/Maps/SideScrollerExampleMap.SideScrollerExampleMap:PersistentLevel' has LevelScriptBlueprint '/Game/SideScrollerBP/Maps/SideScrollerExampleMap.SideScrollerExampleMap:PersistentLevel.SideScrollerExampleMap' with GeneratedClass '/Game/SideScrollerBP/Maps/SideScrollerExampleMap.SideScrollerExampleMap_C' with ClassGeneratedBy '/Game/SideScrollerBP/Maps/SideScrollerExampleMap.SideScrollerExampleMap:PersistentLevel.SideScrollerExampleMap'
[2020.02.25-17.59.42:529][ 38]LogSlate: Updating window title bar state: overlay mode, drag disabled, window buttons hidden, title bar hidden
[2020.02.25-17.59.42:529][ 38]LogWorld: BeginTearingDown for /Game/SideScrollerBP/Maps/UEDPIE_0_SideScrollerExampleMap
[2020.02.25-17.59.42:529][ 38]LogAudioMixer: Display: No commands were queued while flushing the source manager.
[2020.02.25-17.59.42:529][ 38]LogWorld: UWorld::CleanupWorld for SideScrollerExampleMap, bSessionEnded=true, bCleanupResources=true
[2020.02.25-17.59.42:529][ 38]LogSlate: InvalidateAllWidgets triggered.  All widgets were invalidated
[2020.02.25-17.59.42:541][ 38]LogPlayLevel: Display: Shutting down PIE online subsystems
[2020.02.25-17.59.42:541][ 38]LogBlueprintUserMessages: Late EndPlayMap Detection: Level '/Game/SideScrollerBP/Maps/SideScrollerExampleMap.SideScrollerExampleMap:PersistentLevel' has LevelScriptBlueprint '/Game/SideScrollerBP/Maps/SideScrollerExampleMap.SideScrollerExampleMap:PersistentLevel.SideScrollerExampleMap' with GeneratedClass '/Game/SideScrollerBP/Maps/SideScrollerExampleMap.SideScrollerExampleMap_C' with ClassGeneratedBy '/Game/SideScrollerBP/Maps/SideScrollerExampleMap.SideScrollerExampleMap:PersistentLevel.SideScrollerExampleMap'
[2020.02.25-17.59.42:544][ 38]LogSlate: InvalidateAllWidgets triggered.  All widgets were invalidated
[2020.02.25-17.59.42:570][ 38]LogAudioMixer: Display: No commands were queued while flushing the source manager.
[2020.02.25-17.59.42:572][ 38]LogSlate: Updating window title bar state: overlay mode, drag disabled, window buttons hidden, title bar hidden
[2020.02.25-17.59.42:574][ 38]LogUObjectHash: Compacting FUObjectHashTables data took   1.69ms
[2020.02.25-17.59.42:644][ 40]LogPlayLevel: Display: Destroying online subsystem :Context_6
[2020.02.25-19.06.29:207][358]LogTemp: Repeating last play command: Selected Viewport
[2020.02.25-19.06.29:218][358]LogBlueprintUserMessages: Early PlayInEditor Detection: Level '/Game/SideScrollerBP/Maps/SideScrollerExampleMap.SideScrollerExampleMap:PersistentLevel' has LevelScriptBlueprint '/Game/SideScrollerBP/Maps/SideScrollerExampleMap.SideScrollerExampleMap:PersistentLevel.SideScrollerExampleMap' with GeneratedClass '/Game/SideScrollerBP/Maps/SideScrollerExampleMap.SideScrollerExampleMap_C' with ClassGeneratedBy '/Game/SideScrollerBP/Maps/SideScrollerExampleMap.SideScrollerExampleMap:PersistentLevel.SideScrollerExampleMap'
[2020.02.25-19.06.29:218][358]LogPlayLevel: PlayLevel: No blueprints needed recompiling
[2020.02.25-19.06.29:218][358]PIE: New page: PIE session: SideScrollerExampleMap (Feb 25, 2020, 5:06:29 AM)
[2020.02.25-19.06.29:218][358]LogPlayLevel: Creating play world package: /Game/SideScrollerBP/Maps/UEDPIE_0_SideScrollerExampleMap
[2020.02.25-19.06.29:227][358]LogPlayLevel: PIE: StaticDuplicateObject took: (0.008546s)
[2020.02.25-19.06.29:228][358]LogAIModule: Creating AISystem for world SideScrollerExampleMap
[2020.02.25-19.06.29:228][358]LogPlayLevel: PIE: World Init took: (0.001536s)
[2020.02.25-19.06.29:228][358]LogPlayLevel: PIE: Created PIE world by copying editor world from /Game/SideScrollerBP/Maps/SideScrollerExampleMap.SideScrollerExampleMap to /Game/SideScrollerBP/Maps/UEDPIE_0_SideScrollerExampleMap.SideScrollerExampleMap (0.010332s)
[2020.02.25-19.06.29:255][358]LogUObjectHash: Compacting FUObjectHashTables data took   1.90ms
[2020.02.25-19.06.29:256][358]LogAudioMixer: Display: Audio Mixer Platform Settings:
[2020.02.25-19.06.29:256][358]LogAudioMixer: Display: 	Sample Rate:						  48000
[2020.02.25-19.06.29:256][358]LogAudioMixer: Display: 	Callback Buffer Frame Size Requested: 1024
[2020.02.25-19.06.29:256][358]LogAudioMixer: Display: 	Callback Buffer Frame Size To Use:	  1024
[2020.02.25-19.06.29:256][358]LogAudioMixer: Display: 	Number of buffers to queue:			  2
[2020.02.25-19.06.29:256][358]LogAudioMixer: Display: 	Max Channels (voices):				  32
[2020.02.25-19.06.29:256][358]LogAudioMixer: Display: 	Number of Async Source Workers:		  0
[2020.02.25-19.06.29:256][358]LogAudio: Display: AudioDevice MaxSources: 32
[2020.02.25-19.06.29:256][358]LogAudio: Display: Using built-in audio occlusion.
[2020.02.25-19.06.29:256][358]LogAudioMixer: Display: Initializing audio mixer.
[2020.02.25-19.06.29:276][358]LogAudioMixer: Display: Audio Device Output Speaker Info:
[2020.02.25-19.06.29:277][358]LogAudioMixer: Display: Name: Speakers (3- High Definition Audio Device)
[2020.02.25-19.06.29:277][358]LogAudioMixer: Display: Is Default: Yes
[2020.02.25-19.06.29:277][358]LogAudioMixer: Display: Sample Rate: 48000
[2020.02.25-19.06.29:277][358]LogAudioMixer: Display: Channel Count Used: 2
[2020.02.25-19.06.29:277][358]LogAudioMixer: Display: Device Channel Count: 2
[2020.02.25-19.06.29:277][358]LogAudioMixer: Display: Channel Order:
[2020.02.25-19.06.29:277][358]LogAudioMixer: Display: 0: FrontLeft
[2020.02.25-19.06.29:277][358]LogAudioMixer: Display: 1: FrontRight
[2020.02.25-19.06.29:284][358]LogAudioMixer: Display: Using Audio Device Speakers (3- High Definition Audio Device)
[2020.02.25-19.06.29:285][358]LogInit: FAudioDevice initialized.
[2020.02.25-19.06.29:293][358]LogLoad: Game class is 'SideScrollerGameMode_C'
[2020.02.25-19.06.29:294][358]LogWorld: Bringing World /Game/SideScrollerBP/Maps/UEDPIE_0_SideScrollerExampleMap.SideScrollerExampleMap up for play (max tick rate 0) at 2020.02.25-12.06.29
[2020.02.25-19.06.29:295][358]LogWorld: Bringing up level for play took: 0.001211
[2020.02.25-19.06.29:295][358]LogOnline: OSS: Creating online subsystem instance for: :Context_7
[2020.02.25-19.06.29:296][358]PIE: Play in editor start time for /Game/SideScrollerBP/Maps/UEDPIE_0_SideScrollerExampleMap 0.143
[2020.02.25-19.06.29:296][358]LogBlueprintUserMessages: Late PlayInEditor Detection: Level '/Game/SideScrollerBP/Maps/SideScrollerExampleMap.SideScrollerExampleMap:PersistentLevel' has LevelScriptBlueprint '/Game/SideScrollerBP/Maps/SideScrollerExampleMap.SideScrollerExampleMap:PersistentLevel.SideScrollerExampleMap' with GeneratedClass '/Game/SideScrollerBP/Maps/SideScrollerExampleMap.SideScrollerExampleMap_C' with ClassGeneratedBy '/Game/SideScrollerBP/Maps/SideScrollerExampleMap.SideScrollerExampleMap:PersistentLevel.SideScrollerExampleMap'
[2020.02.25-20.13.17:859][178]LogAudioMixer: Display: No commands were queued while flushing the source manager.
[2020.02.25-20.13.17:859][178]LogAudioMixer: Display: No commands were queued while flushing the source manager.
[2020.02.25-20.13.17:859][178]LogBlueprintUserMessages: Early EndPlayMap Detection: Level '/Game/SideScrollerBP/Maps/SideScrollerExampleMap.SideScrollerExampleMap:PersistentLevel' has LevelScriptBlueprint '/Game/SideScrollerBP/Maps/SideScrollerExampleMap.SideScrollerExampleMap:PersistentLevel.SideScrollerExampleMap' with GeneratedClass '/Game/SideScrollerBP/Maps/SideScrollerExampleMap.SideScrollerExampleMap_C' with ClassGeneratedBy '/Game/SideScrollerBP/Maps/SideScrollerExampleMap.SideScrollerExampleMap:PersistentLevel.SideScrollerExampleMap'
[2020.02.25-20.13.17:859][178]LogSlate: Updating window title bar state: overlay mode, drag disabled, window buttons hidden, title bar hidden
[2020.02.25-20.13.17:859][178]LogWorld: BeginTearingDown for /Game/SideScrollerBP/Maps/UEDPIE_0_SideScrollerExampleMap
[2020.02.25-20.13.17:859][178]LogAudioMixer: Display: No commands were queued while flushing the source manager.
[2020.02.25-20.13.17:859][178]LogWorld: UWorld::CleanupWorld for SideScrollerExampleMap, bSessionEnded=true, bCleanupResources=true
[2020.02.25-20.13.17:859][178]LogSlate: InvalidateAllWidgets triggered.  All widgets were invalidated
[2020.02.25-20.13.17:871][178]LogPlayLevel: Display: Shutting down PIE online subsystems
[2020.02.25-20.13.17:871][178]LogBlueprintUserMessages: Late EndPlayMap Detection: Level '/Game/SideScrollerBP/Maps/SideScrollerExampleMap.SideScrollerExampleMap:PersistentLevel' has LevelScriptBlueprint '/Game/SideScrollerBP/Maps/SideScrollerExampleMap.SideScrollerExampleMap:PersistentLevel.SideScrollerExampleMap' with GeneratedClass '/Game/SideScrollerBP/Maps/SideScrollerExampleMap.SideScrollerExampleMap_C' with ClassGeneratedBy '/Game/SideScrollerBP/Maps/SideScrollerExampleMap.SideScrollerExampleMap:PersistentLevel.SideScrollerExampleMap'
[2020.02.25-20.13.17:874][178]LogSlate: InvalidateAllWidgets triggered.  All widgets were invalidated
[2020.02.25-20.13.17:900][178]LogAudioMixer: Display: No commands were queued while flushing the source manager.
[2020.02.25-20.13.17:903][178]LogSlate: Updating window title bar state: overlay mode, drag disabled, window buttons hidden, title bar hidden
[2020.02.25-20.13.17:906][178]LogUObjectHash: Compacting FUObjectHashTables data took   1.96ms
[2020.02.25-20.13.17:973][180]LogPlayLevel: Display: Destroying online subsystem :Context_7
[2020.02.25-20.14.29:138][616]BlueprintLog: New page: Compile SideScrollerCharacter
[2020.02.25-20.14.29:310][616]LogUObjectHash: Compacting FUObjectHashTables data took   2.21ms
[2020.02.25-20.14.30:070][692]LogEditorViewport: Clicking on Actor (LMB): Floor_C (Floor3)
[2020.02.25-20.14.30:581][744]LogTemp: Repeating last play command: Selected Viewport
[2020.02.25-20.14.30:591][744]LogBlueprintUserMessages: Early PlayInEditor Detection: Level '/Game/SideScrollerBP/Maps/SideScrollerExampleMap.SideScrollerExampleMap:PersistentLevel' has LevelScriptBlueprint '/Game/SideScrollerBP/Maps/SideScrollerExampleMap.SideScrollerExampleMap:PersistentLevel.SideScrollerExampleMap' with GeneratedClass '/Game/SideScrollerBP/Maps/SideScrollerExampleMap.SideScrollerExampleMap_C' with ClassGeneratedBy '/Game/SideScrollerBP/Maps/SideScrollerExampleMap.SideScrollerExampleMap:PersistentLevel.SideScrollerExampleMap'
[2020.02.25-20.14.30:591][744]LogPlayLevel: PlayLevel: No blueprints needed recompiling
[2020.02.25-20.14.30:591][744]PIE: New page: PIE session: SideScrollerExampleMap (Feb 25, 2020, 6:14:30 AM)
[2020.02.25-20.14.30:591][744]LogPlayLevel: Creating play world package: /Game/SideScrollerBP/Maps/UEDPIE_0_SideScrollerExampleMap
[2020.02.25-20.14.30:598][744]LogPlayLevel: PIE: StaticDuplicateObject took: (0.007993s)
[2020.02.25-20.14.30:599][744]LogAIModule: Creating AISystem for world SideScrollerExampleMap
[2020.02.25-20.14.30:599][744]LogPlayLevel: PIE: World Init took: (0.000813s)
[2020.02.25-20.14.30:599][744]LogPlayLevel: PIE: Created PIE world by copying editor world from /Game/SideScrollerBP/Maps/SideScrollerExampleMap.SideScrollerExampleMap to /Game/SideScrollerBP/Maps/UEDPIE_0_SideScrollerExampleMap.SideScrollerExampleMap (0.008921s)
[2020.02.25-20.14.30:624][744]LogUObjectHash: Compacting FUObjectHashTables data took   2.34ms
[2020.02.25-20.14.30:625][744]LogAudioMixer: Display: Audio Mixer Platform Settings:
[2020.02.25-20.14.30:625][744]LogAudioMixer: Display: 	Sample Rate:						  48000
[2020.02.25-20.14.30:625][744]LogAudioMixer: Display: 	Callback Buffer Frame Size Requested: 1024
[2020.02.25-20.14.30:625][744]LogAudioMixer: Display: 	Callback Buffer Frame Size To Use:	  1024
[2020.02.25-20.14.30:625][744]LogAudioMixer: Display: 	Number of buffers to queue:			  2
[2020.02.25-20.14.30:625][744]LogAudioMixer: Display: 	Max Channels (voices):				  32
[2020.02.25-20.14.30:625][744]LogAudioMixer: Display: 	Number of Async Source Workers:		  0
[2020.02.25-20.14.30:625][744]LogAudio: Display: AudioDevice MaxSources: 32
[2020.02.25-20.14.30:626][744]LogAudio: Display: Using built-in audio occlusion.
[2020.02.25-20.14.30:626][744]LogAudioMixer: Display: Initializing audio mixer.
[2020.02.25-20.14.30:645][744]LogAudioMixer: Display: Audio Device Output Speaker Info:
[2020.02.25-20.14.30:645][744]LogAudioMixer: Display: Name: Speakers (3- High Definition Audio Device)
[2020.02.25-20.14.30:645][744]LogAudioMixer: Display: Is Default: Yes
[2020.02.25-20.14.30:645][744]LogAudioMixer: Display: Sample Rate: 48000
[2020.02.25-20.14.30:645][744]LogAudioMixer: Display: Channel Count Used: 2
[2020.02.25-20.14.30:645][744]LogAudioMixer: Display: Device Channel Count: 2
[2020.02.25-20.14.30:645][744]LogAudioMixer: Display: Channel Order:
[2020.02.25-20.14.30:645][744]LogAudioMixer: Display: 0: FrontLeft
[2020.02.25-20.14.30:645][744]LogAudioMixer: Display: 1: FrontRight
[2020.02.25-20.14.30:653][744]LogAudioMixer: Display: Using Audio Device Speakers (3- High Definition Audio Device)
[2020.02.25-20.14.30:653][744]LogInit: FAudioDevice initialized.
[2020.02.25-20.14.30:661][744]LogLoad: Game class is 'SideScrollerGameMode_C'
[2020.02.25-20.14.30:662][744]LogWorld: Bringing World /Game/SideScrollerBP/Maps/UEDPIE_0_SideScrollerExampleMap.SideScrollerExampleMap up for play (max tick rate 0) at 2020.02.25-13.14.30
[2020.02.25-20.14.30:662][744]LogWorld: Bringing up level for play took: 0.001115
[2020.02.25-20.14.30:662][744]LogOnline: OSS: Creating online subsystem instance for: :Context_8
[2020.02.25-20.14.30:664][744]PIE: Play in editor start time for /Game/SideScrollerBP/Maps/UEDPIE_0_SideScrollerExampleMap -0.486
[2020.02.25-20.14.30:664][744]LogBlueprintUserMessages: Late PlayInEditor Detection: Level '/Game/SideScrollerBP/Maps/SideScrollerExampleMap.SideScrollerExampleMap:PersistentLevel' has LevelScriptBlueprint '/Game/SideScrollerBP/Maps/SideScrollerExampleMap.SideScrollerExampleMap:PersistentLevel.SideScrollerExampleMap' with GeneratedClass '/Game/SideScrollerBP/Maps/SideScrollerExampleMap.SideScrollerExampleMap_C' with ClassGeneratedBy '/Game/SideScrollerBP/Maps/SideScrollerExampleMap.SideScrollerExampleMap:PersistentLevel.SideScrollerExampleMap'
[2020.02.25-20.14.51:507][239]LogAudioMixer: Display: No commands were queued while flushing the source manager.
[2020.02.25-20.14.51:507][239]LogAudioMixer: Display: No commands were queued while flushing the source manager.
[2020.02.25-20.14.51:507][239]LogBlueprintUserMessages: Early EndPlayMap Detection: Level '/Game/SideScrollerBP/Maps/SideScrollerExampleMap.SideScrollerExampleMap:PersistentLevel' has LevelScriptBlueprint '/Game/SideScrollerBP/Maps/SideScrollerExampleMap.SideScrollerExampleMap:PersistentLevel.SideScrollerExampleMap' with GeneratedClass '/Game/SideScrollerBP/Maps/SideScrollerExampleMap.SideScrollerExampleMap_C' with ClassGeneratedBy '/Game/SideScrollerBP/Maps/SideScrollerExampleMap.SideScrollerExampleMap:PersistentLevel.SideScrollerExampleMap'
[2020.02.25-20.14.51:507][239]LogSlate: Updating window title bar state: overlay mode, drag disabled, window buttons hidden, title bar hidden
[2020.02.25-20.14.51:507][239]LogWorld: BeginTearingDown for /Game/SideScrollerBP/Maps/UEDPIE_0_SideScrollerExampleMap
[2020.02.25-20.14.51:507][239]LogAudioMixer: Display: No commands were queued while flushing the source manager.
[2020.02.25-20.14.51:507][239]LogWorld: UWorld::CleanupWorld for SideScrollerExampleMap, bSessionEnded=true, bCleanupResources=true
[2020.02.25-20.14.51:508][239]LogSlate: InvalidateAllWidgets triggered.  All widgets were invalidated
[2020.02.25-20.14.51:517][239]LogPlayLevel: Display: Shutting down PIE online subsystems
[2020.02.25-20.14.51:517][239]LogBlueprintUserMessages: Late EndPlayMap Detection: Level '/Game/SideScrollerBP/Maps/SideScrollerExampleMap.SideScrollerExampleMap:PersistentLevel' has LevelScriptBlueprint '/Game/SideScrollerBP/Maps/SideScrollerExampleMap.SideScrollerExampleMap:PersistentLevel.SideScrollerExampleMap' with GeneratedClass '/Game/SideScrollerBP/Maps/SideScrollerExampleMap.SideScrollerExampleMap_C' with ClassGeneratedBy '/Game/SideScrollerBP/Maps/SideScrollerExampleMap.SideScrollerExampleMap:PersistentLevel.SideScrollerExampleMap'
[2020.02.25-20.14.51:520][239]LogSlate: InvalidateAllWidgets triggered.  All widgets were invalidated
[2020.02.25-20.14.51:547][239]LogAudioMixer: Display: No commands were queued while flushing the source manager.
[2020.02.25-20.14.51:549][239]LogSlate: Updating window title bar state: overlay mode, drag disabled, window buttons hidden, title bar hidden
[2020.02.25-20.14.51:551][239]LogUObjectHash: Compacting FUObjectHashTables data took   1.84ms
[2020.02.25-20.14.51:621][241]LogPlayLevel: Display: Destroying online subsystem :Context_8
